error:timed out after 5 seconds, waiting for {:id=>"yw2", :tag_name=>"button"} to become present at:["D:/Ruby193/lib/ruby/gems/1.9.1/gems/watir-webdriver-0.6.9/lib/watir-webdriver/wait.rb:48:in `until'", "D:/Ruby193/lib/ruby/gems/1.9.1/gems/watir-webdriver-0.6.9/lib/watir-webdriver/wait.rb:174:in `wait_until_present'", "D:/Ruby193/lib/ruby/gems/1.9.1/gems/page-object-1.0.2/lib/page-object/platforms/watir_webdriver/element.rb:160:in `when_present'", "D:/work/jenkins/workspace/NDB_Automation/lol/app/pages/ndb/contact_page.rb:241:in `filter_by_location'", "D:/work/jenkins/workspace/NDB_Automation/lol/app/cases/ndb/contact_spec.rb:78:in `block (2 levels) in <top (required)>'", "D:/Ruby193/lib/ruby/gems/1.9.1/gems/rspec-core-2.14.8/lib/rspec/core/example.rb:114:in `instance_eval'", "D:/Ruby193/lib/ruby/gems/1.9.1/gems/rspec-core-2.14.8/lib/rspec/core/example.rb:114:in `block in run'", "D:/Ruby193/lib/ruby/gems/1.9.1/gems/rspec-core-2.14.8/lib/rspec/core/example.rb:254:in `with_around_each_hooks'", "D:/Ruby193/lib/ruby/gems/1.9.1/gems/rspec-core-2.14.8/lib/rspec/core/example.rb:111:in `run'", "D:/Ruby193/lib/ruby/gems/1.9.1/gems/rspec-core-2.14.8/lib/rspec/core/example_group.rb:390:in `block in run_examples'", "D:/Ruby193/lib/ruby/gems/1.9.1/gems/rspec-core-2.14.8/lib/rspec/core/example_group.rb:386:in `map'", "D:/Ruby193/lib/ruby/gems/1.9.1/gems/rspec-core-2.14.8/lib/rspec/core/example_group.rb:386:in `run_examples'", "D:/Ruby193/lib/ruby/gems/1.9.1/gems/rspec-core-2.14.8/lib/rspec/core/example_group.rb:371:in `run'", "D:/Ruby193/lib/ruby/gems/1.9.1/gems/rspec-core-2.14.8/lib/rspec/core/command_line.rb:28:in `block (2 levels) in run'", "D:/Ruby193/lib/ruby/gems/1.9.1/gems/rspec-core-2.14.8/lib/rspec/core/command_line.rb:28:in `map'", "D:/Ruby193/lib/ruby/gems/1.9.1/gems/rspec-core-2.14.8/lib/rspec/core/command_line.rb:28:in `block in run'", "D:/Ruby193/lib/ruby/gems/1.9.1/gems/rspec-core-2.14.8/lib/rspec/core/reporter.rb:58:in `report'", "D:/Ruby193/lib/ruby/gems/1.9.1/gems/rspec-core-2.14.8/lib/rspec/core/command_line.rb:25:in `run'", "D:/Ruby193/lib/ruby/gems/1.9.1/gems/rspec-core-2.14.8/lib/rspec/core/runner.rb:80:in `run'", "D:/Ruby193/lib/ruby/gems/1.9.1/gems/rspec-core-2.14.8/lib/rspec/core/runner.rb:17:in `block in autorun'"]
=======================================================================2014-10-21(20:55)
error:timed out after 5 seconds, waiting for {:xpath=>"//input[@id='cash-amount-new']", :tag_name=>"input or textarea", :type=>"(any text type)"} to become present at:["D:/Ruby193/lib/ruby/gems/1.9.1/gems/watir-webdriver-0.6.9/lib/watir-webdriver/wait.rb:48:in `until'", "D:/Ruby193/lib/ruby/gems/1.9.1/gems/watir-webdriver-0.6.9/lib/watir-webdriver/wait.rb:174:in `wait_until_present'", "D:/Ruby193/lib/ruby/gems/1.9.1/gems/page-object-1.0.2/lib/page-object/platforms/watir_webdriver/element.rb:160:in `when_present'", "D:/work/jenkins/workspace/NDB_Automation/lol/app/pages/ndb/profile_page.rb:291:in `add_cash'", "D:/work/jenkins/workspace/NDB_Automation/lol/app/cases/ndb/profile_spec.rb:53:in `block (2 levels) in <top (required)>'", "D:/Ruby193/lib/ruby/gems/1.9.1/gems/rspec-core-2.14.8/lib/rspec/core/example.rb:114:in `instance_eval'", "D:/Ruby193/lib/ruby/gems/1.9.1/gems/rspec-core-2.14.8/lib/rspec/core/example.rb:114:in `block in run'", "D:/Ruby193/lib/ruby/gems/1.9.1/gems/rspec-core-2.14.8/lib/rspec/core/example.rb:254:in `with_around_each_hooks'", "D:/Ruby193/lib/ruby/gems/1.9.1/gems/rspec-core-2.14.8/lib/rspec/core/example.rb:111:in `run'", "D:/Ruby193/lib/ruby/gems/1.9.1/gems/rspec-core-2.14.8/lib/rspec/core/example_group.rb:390:in `block in run_examples'", "D:/Ruby193/lib/ruby/gems/1.9.1/gems/rspec-core-2.14.8/lib/rspec/core/example_group.rb:386:in `map'", "D:/Ruby193/lib/ruby/gems/1.9.1/gems/rspec-core-2.14.8/lib/rspec/core/example_group.rb:386:in `run_examples'", "D:/Ruby193/lib/ruby/gems/1.9.1/gems/rspec-core-2.14.8/lib/rspec/core/example_group.rb:371:in `run'", "D:/Ruby193/lib/ruby/gems/1.9.1/gems/rspec-core-2.14.8/lib/rspec/core/command_line.rb:28:in `block (2 levels) in run'", "D:/Ruby193/lib/ruby/gems/1.9.1/gems/rspec-core-2.14.8/lib/rspec/core/command_line.rb:28:in `map'", "D:/Ruby193/lib/ruby/gems/1.9.1/gems/rspec-core-2.14.8/lib/rspec/core/command_line.rb:28:in `block in run'", "D:/Ruby193/lib/ruby/gems/1.9.1/gems/rspec-core-2.14.8/lib/rspec/core/reporter.rb:58:in `report'", "D:/Ruby193/lib/ruby/gems/1.9.1/gems/rspec-core-2.14.8/lib/rspec/core/command_line.rb:25:in `run'", "D:/Ruby193/lib/ruby/gems/1.9.1/gems/rspec-core-2.14.8/lib/rspec/core/runner.rb:80:in `run'", "D:/Ruby193/lib/ruby/gems/1.9.1/gems/rspec-core-2.14.8/lib/rspec/core/runner.rb:17:in `block in autorun'"]
=======================================================================2014-10-21(22:27)
error:timed out after 5 seconds, waiting for {:xpath=>"//input[@id='cash-amount-new']", :tag_name=>"input or textarea", :type=>"(any text type)"} to become present at:["D:/Ruby193/lib/ruby/gems/1.9.1/gems/watir-webdriver-0.6.9/lib/watir-webdriver/wait.rb:48:in `until'", "D:/Ruby193/lib/ruby/gems/1.9.1/gems/watir-webdriver-0.6.9/lib/watir-webdriver/wait.rb:174:in `wait_until_present'", "D:/Ruby193/lib/ruby/gems/1.9.1/gems/page-object-1.0.2/lib/page-object/platforms/watir_webdriver/element.rb:160:in `when_present'", "D:/work/jenkins/workspace/NDB_Automation/lol/app/pages/ndb/profile_page.rb:291:in `add_cash'", "D:/work/jenkins/workspace/NDB_Automation/lol/app/cases/ndb/profile_spec.rb:59:in `block (2 levels) in <top (required)>'", "D:/Ruby193/lib/ruby/gems/1.9.1/gems/rspec-core-2.14.8/lib/rspec/core/example.rb:114:in `instance_eval'", "D:/Ruby193/lib/ruby/gems/1.9.1/gems/rspec-core-2.14.8/lib/rspec/core/example.rb:114:in `block in run'", "D:/Ruby193/lib/ruby/gems/1.9.1/gems/rspec-core-2.14.8/lib/rspec/core/example.rb:254:in `with_around_each_hooks'", "D:/Ruby193/lib/ruby/gems/1.9.1/gems/rspec-core-2.14.8/lib/rspec/core/example.rb:111:in `run'", "D:/Ruby193/lib/ruby/gems/1.9.1/gems/rspec-core-2.14.8/lib/rspec/core/example_group.rb:390:in `block in run_examples'", "D:/Ruby193/lib/ruby/gems/1.9.1/gems/rspec-core-2.14.8/lib/rspec/core/example_group.rb:386:in `map'", "D:/Ruby193/lib/ruby/gems/1.9.1/gems/rspec-core-2.14.8/lib/rspec/core/example_group.rb:386:in `run_examples'", "D:/Ruby193/lib/ruby/gems/1.9.1/gems/rspec-core-2.14.8/lib/rspec/core/example_group.rb:371:in `run'", "D:/Ruby193/lib/ruby/gems/1.9.1/gems/rspec-core-2.14.8/lib/rspec/core/command_line.rb:28:in `block (2 levels) in run'", "D:/Ruby193/lib/ruby/gems/1.9.1/gems/rspec-core-2.14.8/lib/rspec/core/command_line.rb:28:in `map'", "D:/Ruby193/lib/ruby/gems/1.9.1/gems/rspec-core-2.14.8/lib/rspec/core/command_line.rb:28:in `block in run'", "D:/Ruby193/lib/ruby/gems/1.9.1/gems/rspec-core-2.14.8/lib/rspec/core/reporter.rb:58:in `report'", "D:/Ruby193/lib/ruby/gems/1.9.1/gems/rspec-core-2.14.8/lib/rspec/core/command_line.rb:25:in `run'", "D:/Ruby193/lib/ruby/gems/1.9.1/gems/rspec-core-2.14.8/lib/rspec/core/runner.rb:80:in `run'", "D:/Ruby193/lib/ruby/gems/1.9.1/gems/rspec-core-2.14.8/lib/rspec/core/runner.rb:17:in `block in autorun'"]
=======================================================================2014-10-21(22:27)
error:timed out after 5 seconds, waiting for {:xpath=>"//input[@id='cash-amount-new']", :tag_name=>"input or textarea", :type=>"(any text type)"} to become present at:["D:/Ruby193/lib/ruby/gems/1.9.1/gems/watir-webdriver-0.6.9/lib/watir-webdriver/wait.rb:48:in `until'", "D:/Ruby193/lib/ruby/gems/1.9.1/gems/watir-webdriver-0.6.9/lib/watir-webdriver/wait.rb:174:in `wait_until_present'", "D:/Ruby193/lib/ruby/gems/1.9.1/gems/page-object-1.0.2/lib/page-object/platforms/watir_webdriver/element.rb:160:in `when_present'", "D:/work/jenkins/workspace/NDB_Automation/lol/app/pages/ndb/profile_page.rb:291:in `add_cash'", "D:/work/jenkins/workspace/NDB_Automation/lol/app/cases/ndb/profile_spec.rb:65:in `block (2 levels) in <top (required)>'", "D:/Ruby193/lib/ruby/gems/1.9.1/gems/rspec-core-2.14.8/lib/rspec/core/example.rb:114:in `instance_eval'", "D:/Ruby193/lib/ruby/gems/1.9.1/gems/rspec-core-2.14.8/lib/rspec/core/example.rb:114:in `block in run'", "D:/Ruby193/lib/ruby/gems/1.9.1/gems/rspec-core-2.14.8/lib/rspec/core/example.rb:254:in `with_around_each_hooks'", "D:/Ruby193/lib/ruby/gems/1.9.1/gems/rspec-core-2.14.8/lib/rspec/core/example.rb:111:in `run'", "D:/Ruby193/lib/ruby/gems/1.9.1/gems/rspec-core-2.14.8/lib/rspec/core/example_group.rb:390:in `block in run_examples'", "D:/Ruby193/lib/ruby/gems/1.9.1/gems/rspec-core-2.14.8/lib/rspec/core/example_group.rb:386:in `map'", "D:/Ruby193/lib/ruby/gems/1.9.1/gems/rspec-core-2.14.8/lib/rspec/core/example_group.rb:386:in `run_examples'", "D:/Ruby193/lib/ruby/gems/1.9.1/gems/rspec-core-2.14.8/lib/rspec/core/example_group.rb:371:in `run'", "D:/Ruby193/lib/ruby/gems/1.9.1/gems/rspec-core-2.14.8/lib/rspec/core/command_line.rb:28:in `block (2 levels) in run'", "D:/Ruby193/lib/ruby/gems/1.9.1/gems/rspec-core-2.14.8/lib/rspec/core/command_line.rb:28:in `map'", "D:/Ruby193/lib/ruby/gems/1.9.1/gems/rspec-core-2.14.8/lib/rspec/core/command_line.rb:28:in `block in run'", "D:/Ruby193/lib/ruby/gems/1.9.1/gems/rspec-core-2.14.8/lib/rspec/core/reporter.rb:58:in `report'", "D:/Ruby193/lib/ruby/gems/1.9.1/gems/rspec-core-2.14.8/lib/rspec/core/command_line.rb:25:in `run'", "D:/Ruby193/lib/ruby/gems/1.9.1/gems/rspec-core-2.14.8/lib/rspec/core/runner.rb:80:in `run'", "D:/Ruby193/lib/ruby/gems/1.9.1/gems/rspec-core-2.14.8/lib/rspec/core/runner.rb:17:in `block in autorun'"]
=======================================================================2014-10-21(22:27)
error:timed out after 5 seconds, waiting for {:xpath=>"//input[@id='cash-amount-new']", :tag_name=>"input or textarea", :type=>"(any text type)"} to become present at:["D:/Ruby193/lib/ruby/gems/1.9.1/gems/watir-webdriver-0.6.9/lib/watir-webdriver/wait.rb:48:in `until'", "D:/Ruby193/lib/ruby/gems/1.9.1/gems/watir-webdriver-0.6.9/lib/watir-webdriver/wait.rb:174:in `wait_until_present'", "D:/Ruby193/lib/ruby/gems/1.9.1/gems/page-object-1.0.2/lib/page-object/platforms/watir_webdriver/element.rb:160:in `when_present'", "D:/work/jenkins/workspace/NDB_Automation/lol/app/pages/ndb/profile_page.rb:291:in `add_cash'", "D:/work/jenkins/workspace/NDB_Automation/lol/app/cases/ndb/profile_spec.rb:90:in `block (2 levels) in <top (required)>'", "D:/Ruby193/lib/ruby/gems/1.9.1/gems/rspec-core-2.14.8/lib/rspec/core/example.rb:114:in `instance_eval'", "D:/Ruby193/lib/ruby/gems/1.9.1/gems/rspec-core-2.14.8/lib/rspec/core/example.rb:114:in `block in run'", "D:/Ruby193/lib/ruby/gems/1.9.1/gems/rspec-core-2.14.8/lib/rspec/core/example.rb:254:in `with_around_each_hooks'", "D:/Ruby193/lib/ruby/gems/1.9.1/gems/rspec-core-2.14.8/lib/rspec/core/example.rb:111:in `run'", "D:/Ruby193/lib/ruby/gems/1.9.1/gems/rspec-core-2.14.8/lib/rspec/core/example_group.rb:390:in `block in run_examples'", "D:/Ruby193/lib/ruby/gems/1.9.1/gems/rspec-core-2.14.8/lib/rspec/core/example_group.rb:386:in `map'", "D:/Ruby193/lib/ruby/gems/1.9.1/gems/rspec-core-2.14.8/lib/rspec/core/example_group.rb:386:in `run_examples'", "D:/Ruby193/lib/ruby/gems/1.9.1/gems/rspec-core-2.14.8/lib/rspec/core/example_group.rb:371:in `run'", "D:/Ruby193/lib/ruby/gems/1.9.1/gems/rspec-core-2.14.8/lib/rspec/core/command_line.rb:28:in `block (2 levels) in run'", "D:/Ruby193/lib/ruby/gems/1.9.1/gems/rspec-core-2.14.8/lib/rspec/core/command_line.rb:28:in `map'", "D:/Ruby193/lib/ruby/gems/1.9.1/gems/rspec-core-2.14.8/lib/rspec/core/command_line.rb:28:in `block in run'", "D:/Ruby193/lib/ruby/gems/1.9.1/gems/rspec-core-2.14.8/lib/rspec/core/reporter.rb:58:in `report'", "D:/Ruby193/lib/ruby/gems/1.9.1/gems/rspec-core-2.14.8/lib/rspec/core/command_line.rb:25:in `run'", "D:/Ruby193/lib/ruby/gems/1.9.1/gems/rspec-core-2.14.8/lib/rspec/core/runner.rb:80:in `run'", "D:/Ruby193/lib/ruby/gems/1.9.1/gems/rspec-core-2.14.8/lib/rspec/core/runner.rb:17:in `block in autorun'"]
=======================================================================2014-10-21(22:29)
error:timed out after 5 seconds, waiting for {:xpath=>"//tr[3]/td[4]", :tag_name=>"td"} to become present at:["D:/Ruby193/lib/ruby/gems/1.9.1/gems/watir-webdriver-0.6.9/lib/watir-webdriver/wait.rb:48:in `until'", "D:/Ruby193/lib/ruby/gems/1.9.1/gems/watir-webdriver-0.6.9/lib/watir-webdriver/wait.rb:174:in `wait_until_present'", "D:/Ruby193/lib/ruby/gems/1.9.1/gems/page-object-1.0.2/lib/page-object/platforms/watir_webdriver/element.rb:160:in `when_present'", "D:/work/jenkins/workspace/NDB_Automation/lol/app/pages/ndb/profile_page.rb:354:in `edit_contract_information'", "D:/work/jenkins/workspace/NDB_Automation/lol/app/cases/ndb/profile_spec.rb:110:in `block (2 levels) in <top (required)>'", "D:/Ruby193/lib/ruby/gems/1.9.1/gems/rspec-core-2.14.8/lib/rspec/core/example.rb:114:in `instance_eval'", "D:/Ruby193/lib/ruby/gems/1.9.1/gems/rspec-core-2.14.8/lib/rspec/core/example.rb:114:in `block in run'", "D:/Ruby193/lib/ruby/gems/1.9.1/gems/rspec-core-2.14.8/lib/rspec/core/example.rb:254:in `with_around_each_hooks'", "D:/Ruby193/lib/ruby/gems/1.9.1/gems/rspec-core-2.14.8/lib/rspec/core/example.rb:111:in `run'", "D:/Ruby193/lib/ruby/gems/1.9.1/gems/rspec-core-2.14.8/lib/rspec/core/example_group.rb:390:in `block in run_examples'", "D:/Ruby193/lib/ruby/gems/1.9.1/gems/rspec-core-2.14.8/lib/rspec/core/example_group.rb:386:in `map'", "D:/Ruby193/lib/ruby/gems/1.9.1/gems/rspec-core-2.14.8/lib/rspec/core/example_group.rb:386:in `run_examples'", "D:/Ruby193/lib/ruby/gems/1.9.1/gems/rspec-core-2.14.8/lib/rspec/core/example_group.rb:371:in `run'", "D:/Ruby193/lib/ruby/gems/1.9.1/gems/rspec-core-2.14.8/lib/rspec/core/command_line.rb:28:in `block (2 levels) in run'", "D:/Ruby193/lib/ruby/gems/1.9.1/gems/rspec-core-2.14.8/lib/rspec/core/command_line.rb:28:in `map'", "D:/Ruby193/lib/ruby/gems/1.9.1/gems/rspec-core-2.14.8/lib/rspec/core/command_line.rb:28:in `block in run'", "D:/Ruby193/lib/ruby/gems/1.9.1/gems/rspec-core-2.14.8/lib/rspec/core/reporter.rb:58:in `report'", "D:/Ruby193/lib/ruby/gems/1.9.1/gems/rspec-core-2.14.8/lib/rspec/core/command_line.rb:25:in `run'", "D:/Ruby193/lib/ruby/gems/1.9.1/gems/rspec-core-2.14.8/lib/rspec/core/runner.rb:80:in `run'", "D:/Ruby193/lib/ruby/gems/1.9.1/gems/rspec-core-2.14.8/lib/rspec/core/runner.rb:17:in `block in autorun'"]
=======================================================================2014-10-21(22:30)
error:[Exception... "Component returned failure code: 0x80004005 (NS_ERROR_FAILURE) [nsINativeMouse.click]"  nsresult: "0x80004005 (NS_ERROR_FAILURE)"  location: "JS frame :: file:///C:/Users/timsheng/AppData/Local/Temp/webdriver-profile20141021-33464-9hmloo/extensions/fxdriver@googlecode.com/components/command-processor.js :: WebElement.clickElement :: line 11023"  data: no] at:["[remote server] file:///C:/Users/timsheng/AppData/Local/Temp/webdriver-profile20141021-33464-9hmloo/extensions/fxdriver@googlecode.com/components/command-processor.js:11030:9:in `WebElement.clickElement'", "[remote server] file:///C:/Users/timsheng/AppData/Local/Temp/webdriver-profile20141021-33464-9hmloo/extensions/fxdriver@googlecode.com/components/command-processor.js:11612:16:in `DelayedCommand.prototype.executeInternal_/h'", "[remote server] file:///C:/Users/timsheng/AppData/Local/Temp/webdriver-profile20141021-33464-9hmloo/extensions/fxdriver@googlecode.com/components/command-processor.js:11617:7:in `DelayedCommand.prototype.executeInternal_'", "[remote server] file:///C:/Users/timsheng/AppData/Local/Temp/webdriver-profile20141021-33464-9hmloo/extensions/fxdriver@googlecode.com/components/command-processor.js:11559:5:in `DelayedCommand.prototype.execute/<'", "D:/Ruby193/lib/ruby/gems/1.9.1/gems/selenium-webdriver-2.43.0/lib/selenium/webdriver/remote/response.rb:52:in `assert_ok'", "D:/Ruby193/lib/ruby/gems/1.9.1/gems/selenium-webdriver-2.43.0/lib/selenium/webdriver/remote/response.rb:15:in `initialize'", "D:/Ruby193/lib/ruby/gems/1.9.1/gems/selenium-webdriver-2.43.0/lib/selenium/webdriver/remote/http/common.rb:59:in `new'", "D:/Ruby193/lib/ruby/gems/1.9.1/gems/selenium-webdriver-2.43.0/lib/selenium/webdriver/remote/http/common.rb:59:in `create_response'", "D:/Ruby193/lib/ruby/gems/1.9.1/gems/selenium-webdriver-2.43.0/lib/selenium/webdriver/remote/http/default.rb:66:in `request'", "D:/Ruby193/lib/ruby/gems/1.9.1/gems/selenium-webdriver-2.43.0/lib/selenium/webdriver/remote/http/common.rb:40:in `call'", "D:/Ruby193/lib/ruby/gems/1.9.1/gems/selenium-webdriver-2.43.0/lib/selenium/webdriver/remote/bridge.rb:638:in `raw_execute'", "D:/Ruby193/lib/ruby/gems/1.9.1/gems/selenium-webdriver-2.43.0/lib/selenium/webdriver/remote/bridge.rb:616:in `execute'", "D:/Ruby193/lib/ruby/gems/1.9.1/gems/selenium-webdriver-2.43.0/lib/selenium/webdriver/remote/bridge.rb:373:in `clickElement'", "D:/Ruby193/lib/ruby/gems/1.9.1/gems/selenium-webdriver-2.43.0/lib/selenium/webdriver/common/element.rb:54:in `click'", "D:/Ruby193/lib/ruby/gems/1.9.1/gems/watir-webdriver-0.6.9/lib/watir-webdriver/elements/element.rb:131:in `click'", "D:/Ruby193/lib/ruby/gems/1.9.1/gems/page-object-1.0.2/lib/page-object/elements/element.rb:25:in `click'", "D:/work/jenkins/workspace/NDB_Automation/lol/app/pages/ndb/profile_page.rb:485:in `create_contact'", "D:/work/jenkins/workspace/NDB_Automation/lol/app/cases/ndb/profile_spec.rb:248:in `block (2 levels) in <top (required)>'", "D:/Ruby193/lib/ruby/gems/1.9.1/gems/rspec-core-2.14.8/lib/rspec/core/example.rb:114:in `instance_eval'", "D:/Ruby193/lib/ruby/gems/1.9.1/gems/rspec-core-2.14.8/lib/rspec/core/example.rb:114:in `block in run'", "D:/Ruby193/lib/ruby/gems/1.9.1/gems/rspec-core-2.14.8/lib/rspec/core/example.rb:254:in `with_around_each_hooks'", "D:/Ruby193/lib/ruby/gems/1.9.1/gems/rspec-core-2.14.8/lib/rspec/core/example.rb:111:in `run'", "D:/Ruby193/lib/ruby/gems/1.9.1/gems/rspec-core-2.14.8/lib/rspec/core/example_group.rb:390:in `block in run_examples'", "D:/Ruby193/lib/ruby/gems/1.9.1/gems/rspec-core-2.14.8/lib/rspec/core/example_group.rb:386:in `map'", "D:/Ruby193/lib/ruby/gems/1.9.1/gems/rspec-core-2.14.8/lib/rspec/core/example_group.rb:386:in `run_examples'", "D:/Ruby193/lib/ruby/gems/1.9.1/gems/rspec-core-2.14.8/lib/rspec/core/example_group.rb:371:in `run'", "D:/Ruby193/lib/ruby/gems/1.9.1/gems/rspec-core-2.14.8/lib/rspec/core/command_line.rb:28:in `block (2 levels) in run'", "D:/Ruby193/lib/ruby/gems/1.9.1/gems/rspec-core-2.14.8/lib/rspec/core/command_line.rb:28:in `map'", "D:/Ruby193/lib/ruby/gems/1.9.1/gems/rspec-core-2.14.8/lib/rspec/core/command_line.rb:28:in `block in run'", "D:/Ruby193/lib/ruby/gems/1.9.1/gems/rspec-core-2.14.8/lib/rspec/core/reporter.rb:58:in `report'", "D:/Ruby193/lib/ruby/gems/1.9.1/gems/rspec-core-2.14.8/lib/rspec/core/command_line.rb:25:in `run'", "D:/Ruby193/lib/ruby/gems/1.9.1/gems/rspec-core-2.14.8/lib/rspec/core/runner.rb:80:in `run'", "D:/Ruby193/lib/ruby/gems/1.9.1/gems/rspec-core-2.14.8/lib/rspec/core/runner.rb:17:in `block in autorun'"]
=======================================================================2014-10-21(22:35)
error:timed out after 5 seconds, waiting for {:xpath=>"//div[@id='s2id_ClientAmPercentage_0_amid']/a", :tag_name=>"a"} to become present at:["D:/Ruby193/lib/ruby/gems/1.9.1/gems/watir-webdriver-0.6.9/lib/watir-webdriver/wait.rb:48:in `until'", "D:/Ruby193/lib/ruby/gems/1.9.1/gems/watir-webdriver-0.6.9/lib/watir-webdriver/wait.rb:174:in `wait_until_present'", "D:/Ruby193/lib/ruby/gems/1.9.1/gems/page-object-1.0.2/lib/page-object/platforms/watir_webdriver/element.rb:160:in `when_present'", "D:/work/jenkins/workspace/NDB_Automation/lol/app/pages/ndb/profile_page.rb:368:in `edit_account_information'", "D:/work/jenkins/workspace/NDB_Automation/lol/app/cases/ndb/profile_spec.rb:275:in `block (2 levels) in <top (required)>'", "D:/Ruby193/lib/ruby/gems/1.9.1/gems/rspec-core-2.14.8/lib/rspec/core/example.rb:114:in `instance_eval'", "D:/Ruby193/lib/ruby/gems/1.9.1/gems/rspec-core-2.14.8/lib/rspec/core/example.rb:114:in `block in run'", "D:/Ruby193/lib/ruby/gems/1.9.1/gems/rspec-core-2.14.8/lib/rspec/core/example.rb:254:in `with_around_each_hooks'", "D:/Ruby193/lib/ruby/gems/1.9.1/gems/rspec-core-2.14.8/lib/rspec/core/example.rb:111:in `run'", "D:/Ruby193/lib/ruby/gems/1.9.1/gems/rspec-core-2.14.8/lib/rspec/core/example_group.rb:390:in `block in run_examples'", "D:/Ruby193/lib/ruby/gems/1.9.1/gems/rspec-core-2.14.8/lib/rspec/core/example_group.rb:386:in `map'", "D:/Ruby193/lib/ruby/gems/1.9.1/gems/rspec-core-2.14.8/lib/rspec/core/example_group.rb:386:in `run_examples'", "D:/Ruby193/lib/ruby/gems/1.9.1/gems/rspec-core-2.14.8/lib/rspec/core/example_group.rb:371:in `run'", "D:/Ruby193/lib/ruby/gems/1.9.1/gems/rspec-core-2.14.8/lib/rspec/core/command_line.rb:28:in `block (2 levels) in run'", "D:/Ruby193/lib/ruby/gems/1.9.1/gems/rspec-core-2.14.8/lib/rspec/core/command_line.rb:28:in `map'", "D:/Ruby193/lib/ruby/gems/1.9.1/gems/rspec-core-2.14.8/lib/rspec/core/command_line.rb:28:in `block in run'", "D:/Ruby193/lib/ruby/gems/1.9.1/gems/rspec-core-2.14.8/lib/rspec/core/reporter.rb:58:in `report'", "D:/Ruby193/lib/ruby/gems/1.9.1/gems/rspec-core-2.14.8/lib/rspec/core/command_line.rb:25:in `run'", "D:/Ruby193/lib/ruby/gems/1.9.1/gems/rspec-core-2.14.8/lib/rspec/core/runner.rb:80:in `run'", "D:/Ruby193/lib/ruby/gems/1.9.1/gems/rspec-core-2.14.8/lib/rspec/core/runner.rb:17:in `block in autorun'"]
=======================================================================2014-10-21(22:37)
error:timed out after 5 seconds, waiting for {:xpath=>"//input[@id='cash-amount-new']", :tag_name=>"input or textarea", :type=>"(any text type)"} to become present at:["D:/Ruby193/lib/ruby/gems/1.9.1/gems/watir-webdriver-0.6.9/lib/watir-webdriver/wait.rb:48:in `until'", "D:/Ruby193/lib/ruby/gems/1.9.1/gems/watir-webdriver-0.6.9/lib/watir-webdriver/wait.rb:174:in `wait_until_present'", "D:/Ruby193/lib/ruby/gems/1.9.1/gems/page-object-1.0.2/lib/page-object/platforms/watir_webdriver/element.rb:160:in `when_present'", "D:/work/jenkins/workspace/NDB_Automation/lol/app/pages/ndb/profile_page.rb:305:in `add_date'", "D:/work/jenkins/workspace/NDB_Automation/lol/app/cases/ndb/profile_spec.rb:342:in `block (2 levels) in <top (required)>'", "D:/Ruby193/lib/ruby/gems/1.9.1/gems/rspec-core-2.14.8/lib/rspec/core/example.rb:114:in `instance_eval'", "D:/Ruby193/lib/ruby/gems/1.9.1/gems/rspec-core-2.14.8/lib/rspec/core/example.rb:114:in `block in run'", "D:/Ruby193/lib/ruby/gems/1.9.1/gems/rspec-core-2.14.8/lib/rspec/core/example.rb:254:in `with_around_each_hooks'", "D:/Ruby193/lib/ruby/gems/1.9.1/gems/rspec-core-2.14.8/lib/rspec/core/example.rb:111:in `run'", "D:/Ruby193/lib/ruby/gems/1.9.1/gems/rspec-core-2.14.8/lib/rspec/core/example_group.rb:390:in `block in run_examples'", "D:/Ruby193/lib/ruby/gems/1.9.1/gems/rspec-core-2.14.8/lib/rspec/core/example_group.rb:386:in `map'", "D:/Ruby193/lib/ruby/gems/1.9.1/gems/rspec-core-2.14.8/lib/rspec/core/example_group.rb:386:in `run_examples'", "D:/Ruby193/lib/ruby/gems/1.9.1/gems/rspec-core-2.14.8/lib/rspec/core/example_group.rb:371:in `run'", "D:/Ruby193/lib/ruby/gems/1.9.1/gems/rspec-core-2.14.8/lib/rspec/core/command_line.rb:28:in `block (2 levels) in run'", "D:/Ruby193/lib/ruby/gems/1.9.1/gems/rspec-core-2.14.8/lib/rspec/core/command_line.rb:28:in `map'", "D:/Ruby193/lib/ruby/gems/1.9.1/gems/rspec-core-2.14.8/lib/rspec/core/command_line.rb:28:in `block in run'", "D:/Ruby193/lib/ruby/gems/1.9.1/gems/rspec-core-2.14.8/lib/rspec/core/reporter.rb:58:in `report'", "D:/Ruby193/lib/ruby/gems/1.9.1/gems/rspec-core-2.14.8/lib/rspec/core/command_line.rb:25:in `run'", "D:/Ruby193/lib/ruby/gems/1.9.1/gems/rspec-core-2.14.8/lib/rspec/core/runner.rb:80:in `run'", "D:/Ruby193/lib/ruby/gems/1.9.1/gems/rspec-core-2.14.8/lib/rspec/core/runner.rb:17:in `block in autorun'"]
=======================================================================2014-10-21(22:41)
