error:timed out after 30 seconds, waiting for {:id=>"yw2", :tag_name=>"button"} to become present at:["D:/Ruby193/lib/ruby/gems/1.9.1/gems/watir-webdriver-0.6.9/lib/watir-webdriver/wait.rb:48:in `until'", "D:/Ruby193/lib/ruby/gems/1.9.1/gems/watir-webdriver-0.6.9/lib/watir-webdriver/wait.rb:174:in `wait_until_present'", "D:/Ruby193/lib/ruby/gems/1.9.1/gems/page-object-1.0.2/lib/page-object/platforms/watir_webdriver/element.rb:160:in `when_present'", "D:/work/jenkins/workspace/NDB_Automation/lol/app/pages/ndb/contact_page.rb:241:in `filter_by_location'", "D:/work/jenkins/workspace/NDB_Automation/lol/app/cases/ndb/contact_spec.rb:78:in `block (2 levels) in <top (required)>'", "D:/Ruby193/lib/ruby/gems/1.9.1/gems/rspec-core-2.14.8/lib/rspec/core/example.rb:114:in `instance_eval'", "D:/Ruby193/lib/ruby/gems/1.9.1/gems/rspec-core-2.14.8/lib/rspec/core/example.rb:114:in `block in run'", "D:/Ruby193/lib/ruby/gems/1.9.1/gems/rspec-core-2.14.8/lib/rspec/core/example.rb:254:in `with_around_each_hooks'", "D:/Ruby193/lib/ruby/gems/1.9.1/gems/rspec-core-2.14.8/lib/rspec/core/example.rb:111:in `run'", "D:/Ruby193/lib/ruby/gems/1.9.1/gems/rspec-core-2.14.8/lib/rspec/core/example_group.rb:390:in `block in run_examples'", "D:/Ruby193/lib/ruby/gems/1.9.1/gems/rspec-core-2.14.8/lib/rspec/core/example_group.rb:386:in `map'", "D:/Ruby193/lib/ruby/gems/1.9.1/gems/rspec-core-2.14.8/lib/rspec/core/example_group.rb:386:in `run_examples'", "D:/Ruby193/lib/ruby/gems/1.9.1/gems/rspec-core-2.14.8/lib/rspec/core/example_group.rb:371:in `run'", "D:/Ruby193/lib/ruby/gems/1.9.1/gems/rspec-core-2.14.8/lib/rspec/core/command_line.rb:28:in `block (2 levels) in run'", "D:/Ruby193/lib/ruby/gems/1.9.1/gems/rspec-core-2.14.8/lib/rspec/core/command_line.rb:28:in `map'", "D:/Ruby193/lib/ruby/gems/1.9.1/gems/rspec-core-2.14.8/lib/rspec/core/command_line.rb:28:in `block in run'", "D:/Ruby193/lib/ruby/gems/1.9.1/gems/rspec-core-2.14.8/lib/rspec/core/reporter.rb:58:in `report'", "D:/Ruby193/lib/ruby/gems/1.9.1/gems/rspec-core-2.14.8/lib/rspec/core/command_line.rb:25:in `run'", "D:/Ruby193/lib/ruby/gems/1.9.1/gems/rspec-core-2.14.8/lib/rspec/core/runner.rb:80:in `run'", "D:/Ruby193/lib/ruby/gems/1.9.1/gems/rspec-core-2.14.8/lib/rspec/core/runner.rb:17:in `block in autorun'"]
=======================================================================2014-11-13(06:01)
error:timed out after 30 seconds, waiting for {:xpath=>"//tr[3]/td[4]", :tag_name=>"td"} to become present at:["D:/Ruby193/lib/ruby/gems/1.9.1/gems/watir-webdriver-0.6.9/lib/watir-webdriver/wait.rb:48:in `until'", "D:/Ruby193/lib/ruby/gems/1.9.1/gems/watir-webdriver-0.6.9/lib/watir-webdriver/wait.rb:174:in `wait_until_present'", "D:/Ruby193/lib/ruby/gems/1.9.1/gems/page-object-1.0.2/lib/page-object/platforms/watir_webdriver/element.rb:160:in `when_present'", "D:/work/jenkins/workspace/NDB_Automation/lol/app/pages/ndb/profile_page.rb:354:in `edit_contract_information'", "D:/work/jenkins/workspace/NDB_Automation/lol/app/cases/ndb/profile_spec.rb:116:in `block (2 levels) in <top (required)>'", "D:/Ruby193/lib/ruby/gems/1.9.1/gems/rspec-core-2.14.8/lib/rspec/core/example.rb:114:in `instance_eval'", "D:/Ruby193/lib/ruby/gems/1.9.1/gems/rspec-core-2.14.8/lib/rspec/core/example.rb:114:in `block in run'", "D:/Ruby193/lib/ruby/gems/1.9.1/gems/rspec-core-2.14.8/lib/rspec/core/example.rb:254:in `with_around_each_hooks'", "D:/Ruby193/lib/ruby/gems/1.9.1/gems/rspec-core-2.14.8/lib/rspec/core/example.rb:111:in `run'", "D:/Ruby193/lib/ruby/gems/1.9.1/gems/rspec-core-2.14.8/lib/rspec/core/example_group.rb:390:in `block in run_examples'", "D:/Ruby193/lib/ruby/gems/1.9.1/gems/rspec-core-2.14.8/lib/rspec/core/example_group.rb:386:in `map'", "D:/Ruby193/lib/ruby/gems/1.9.1/gems/rspec-core-2.14.8/lib/rspec/core/example_group.rb:386:in `run_examples'", "D:/Ruby193/lib/ruby/gems/1.9.1/gems/rspec-core-2.14.8/lib/rspec/core/example_group.rb:371:in `run'", "D:/Ruby193/lib/ruby/gems/1.9.1/gems/rspec-core-2.14.8/lib/rspec/core/command_line.rb:28:in `block (2 levels) in run'", "D:/Ruby193/lib/ruby/gems/1.9.1/gems/rspec-core-2.14.8/lib/rspec/core/command_line.rb:28:in `map'", "D:/Ruby193/lib/ruby/gems/1.9.1/gems/rspec-core-2.14.8/lib/rspec/core/command_line.rb:28:in `block in run'", "D:/Ruby193/lib/ruby/gems/1.9.1/gems/rspec-core-2.14.8/lib/rspec/core/reporter.rb:58:in `report'", "D:/Ruby193/lib/ruby/gems/1.9.1/gems/rspec-core-2.14.8/lib/rspec/core/command_line.rb:25:in `run'", "D:/Ruby193/lib/ruby/gems/1.9.1/gems/rspec-core-2.14.8/lib/rspec/core/runner.rb:80:in `run'", "D:/Ruby193/lib/ruby/gems/1.9.1/gems/rspec-core-2.14.8/lib/rspec/core/runner.rb:17:in `block in autorun'"]
=======================================================================2014-11-13(07:36)
error:timed out after 30 seconds, waiting for {:xpath=>"//div[@id='s2id_ClientAmPercentage_0_amid']/a", :tag_name=>"a"} to become present at:["D:/Ruby193/lib/ruby/gems/1.9.1/gems/watir-webdriver-0.6.9/lib/watir-webdriver/wait.rb:48:in `until'", "D:/Ruby193/lib/ruby/gems/1.9.1/gems/watir-webdriver-0.6.9/lib/watir-webdriver/wait.rb:174:in `wait_until_present'", "D:/Ruby193/lib/ruby/gems/1.9.1/gems/page-object-1.0.2/lib/page-object/platforms/watir_webdriver/element.rb:160:in `when_present'", "D:/work/jenkins/workspace/NDB_Automation/lol/app/pages/ndb/profile_page.rb:368:in `edit_account_information'", "D:/work/jenkins/workspace/NDB_Automation/lol/app/cases/ndb/profile_spec.rb:122:in `block (2 levels) in <top (required)>'", "D:/Ruby193/lib/ruby/gems/1.9.1/gems/rspec-core-2.14.8/lib/rspec/core/example.rb:114:in `instance_eval'", "D:/Ruby193/lib/ruby/gems/1.9.1/gems/rspec-core-2.14.8/lib/rspec/core/example.rb:114:in `block in run'", "D:/Ruby193/lib/ruby/gems/1.9.1/gems/rspec-core-2.14.8/lib/rspec/core/example.rb:254:in `with_around_each_hooks'", "D:/Ruby193/lib/ruby/gems/1.9.1/gems/rspec-core-2.14.8/lib/rspec/core/example.rb:111:in `run'", "D:/Ruby193/lib/ruby/gems/1.9.1/gems/rspec-core-2.14.8/lib/rspec/core/example_group.rb:390:in `block in run_examples'", "D:/Ruby193/lib/ruby/gems/1.9.1/gems/rspec-core-2.14.8/lib/rspec/core/example_group.rb:386:in `map'", "D:/Ruby193/lib/ruby/gems/1.9.1/gems/rspec-core-2.14.8/lib/rspec/core/example_group.rb:386:in `run_examples'", "D:/Ruby193/lib/ruby/gems/1.9.1/gems/rspec-core-2.14.8/lib/rspec/core/example_group.rb:371:in `run'", "D:/Ruby193/lib/ruby/gems/1.9.1/gems/rspec-core-2.14.8/lib/rspec/core/command_line.rb:28:in `block (2 levels) in run'", "D:/Ruby193/lib/ruby/gems/1.9.1/gems/rspec-core-2.14.8/lib/rspec/core/command_line.rb:28:in `map'", "D:/Ruby193/lib/ruby/gems/1.9.1/gems/rspec-core-2.14.8/lib/rspec/core/command_line.rb:28:in `block in run'", "D:/Ruby193/lib/ruby/gems/1.9.1/gems/rspec-core-2.14.8/lib/rspec/core/reporter.rb:58:in `report'", "D:/Ruby193/lib/ruby/gems/1.9.1/gems/rspec-core-2.14.8/lib/rspec/core/command_line.rb:25:in `run'", "D:/Ruby193/lib/ruby/gems/1.9.1/gems/rspec-core-2.14.8/lib/rspec/core/runner.rb:80:in `run'", "D:/Ruby193/lib/ruby/gems/1.9.1/gems/rspec-core-2.14.8/lib/rspec/core/runner.rb:17:in `block in autorun'"]
=======================================================================2014-11-13(07:37)
error:[Exception... "Component returned failure code: 0x80004005 (NS_ERROR_FAILURE) [nsINativeMouse.click]"  nsresult: "0x80004005 (NS_ERROR_FAILURE)"  location: "JS frame :: file:///C:/Users/timsheng/AppData/Local/Temp/webdriver-profile20141113-33976-1fgmd74/extensions/fxdriver@googlecode.com/components/command-processor.js :: WebElement.clickElement :: line 11023"  data: no] at:["[remote server] file:///C:/Users/timsheng/AppData/Local/Temp/webdriver-profile20141113-33976-1fgmd74/extensions/fxdriver@googlecode.com/components/command-processor.js:11030:9:in `WebElement.clickElement'", "[remote server] file:///C:/Users/timsheng/AppData/Local/Temp/webdriver-profile20141113-33976-1fgmd74/extensions/fxdriver@googlecode.com/components/command-processor.js:11612:16:in `DelayedCommand.prototype.executeInternal_/h'", "[remote server] file:///C:/Users/timsheng/AppData/Local/Temp/webdriver-profile20141113-33976-1fgmd74/extensions/fxdriver@googlecode.com/components/command-processor.js:11617:7:in `DelayedCommand.prototype.executeInternal_'", "[remote server] file:///C:/Users/timsheng/AppData/Local/Temp/webdriver-profile20141113-33976-1fgmd74/extensions/fxdriver@googlecode.com/components/command-processor.js:11559:5:in `DelayedCommand.prototype.execute/<'", "D:/Ruby193/lib/ruby/gems/1.9.1/gems/selenium-webdriver-2.43.0/lib/selenium/webdriver/remote/response.rb:52:in `assert_ok'", "D:/Ruby193/lib/ruby/gems/1.9.1/gems/selenium-webdriver-2.43.0/lib/selenium/webdriver/remote/response.rb:15:in `initialize'", "D:/Ruby193/lib/ruby/gems/1.9.1/gems/selenium-webdriver-2.43.0/lib/selenium/webdriver/remote/http/common.rb:59:in `new'", "D:/Ruby193/lib/ruby/gems/1.9.1/gems/selenium-webdriver-2.43.0/lib/selenium/webdriver/remote/http/common.rb:59:in `create_response'", "D:/Ruby193/lib/ruby/gems/1.9.1/gems/selenium-webdriver-2.43.0/lib/selenium/webdriver/remote/http/default.rb:66:in `request'", "D:/Ruby193/lib/ruby/gems/1.9.1/gems/selenium-webdriver-2.43.0/lib/selenium/webdriver/remote/http/common.rb:40:in `call'", "D:/Ruby193/lib/ruby/gems/1.9.1/gems/selenium-webdriver-2.43.0/lib/selenium/webdriver/remote/bridge.rb:638:in `raw_execute'", "D:/Ruby193/lib/ruby/gems/1.9.1/gems/selenium-webdriver-2.43.0/lib/selenium/webdriver/remote/bridge.rb:616:in `execute'", "D:/Ruby193/lib/ruby/gems/1.9.1/gems/selenium-webdriver-2.43.0/lib/selenium/webdriver/remote/bridge.rb:373:in `clickElement'", "D:/Ruby193/lib/ruby/gems/1.9.1/gems/selenium-webdriver-2.43.0/lib/selenium/webdriver/common/element.rb:54:in `click'", "D:/Ruby193/lib/ruby/gems/1.9.1/gems/watir-webdriver-0.6.9/lib/watir-webdriver/elements/element.rb:131:in `click'", "D:/Ruby193/lib/ruby/gems/1.9.1/gems/page-object-1.0.2/lib/page-object/elements/element.rb:25:in `click'", "D:/work/jenkins/workspace/NDB_Automation/lol/app/pages/ndb/profile_page.rb:485:in `create_contact'", "D:/work/jenkins/workspace/NDB_Automation/lol/app/cases/ndb/profile_spec.rb:254:in `block (2 levels) in <top (required)>'", "D:/Ruby193/lib/ruby/gems/1.9.1/gems/rspec-core-2.14.8/lib/rspec/core/example.rb:114:in `instance_eval'", "D:/Ruby193/lib/ruby/gems/1.9.1/gems/rspec-core-2.14.8/lib/rspec/core/example.rb:114:in `block in run'", "D:/Ruby193/lib/ruby/gems/1.9.1/gems/rspec-core-2.14.8/lib/rspec/core/example.rb:254:in `with_around_each_hooks'", "D:/Ruby193/lib/ruby/gems/1.9.1/gems/rspec-core-2.14.8/lib/rspec/core/example.rb:111:in `run'", "D:/Ruby193/lib/ruby/gems/1.9.1/gems/rspec-core-2.14.8/lib/rspec/core/example_group.rb:390:in `block in run_examples'", "D:/Ruby193/lib/ruby/gems/1.9.1/gems/rspec-core-2.14.8/lib/rspec/core/example_group.rb:386:in `map'", "D:/Ruby193/lib/ruby/gems/1.9.1/gems/rspec-core-2.14.8/lib/rspec/core/example_group.rb:386:in `run_examples'", "D:/Ruby193/lib/ruby/gems/1.9.1/gems/rspec-core-2.14.8/lib/rspec/core/example_group.rb:371:in `run'", "D:/Ruby193/lib/ruby/gems/1.9.1/gems/rspec-core-2.14.8/lib/rspec/core/command_line.rb:28:in `block (2 levels) in run'", "D:/Ruby193/lib/ruby/gems/1.9.1/gems/rspec-core-2.14.8/lib/rspec/core/command_line.rb:28:in `map'", "D:/Ruby193/lib/ruby/gems/1.9.1/gems/rspec-core-2.14.8/lib/rspec/core/command_line.rb:28:in `block in run'", "D:/Ruby193/lib/ruby/gems/1.9.1/gems/rspec-core-2.14.8/lib/rspec/core/reporter.rb:58:in `report'", "D:/Ruby193/lib/ruby/gems/1.9.1/gems/rspec-core-2.14.8/lib/rspec/core/command_line.rb:25:in `run'", "D:/Ruby193/lib/ruby/gems/1.9.1/gems/rspec-core-2.14.8/lib/rspec/core/runner.rb:80:in `run'", "D:/Ruby193/lib/ruby/gems/1.9.1/gems/rspec-core-2.14.8/lib/rspec/core/runner.rb:17:in `block in autorun'"]
=======================================================================2014-11-13(07:42)
error:timed out after 30 seconds, waiting for {:xpath=>"//div[@id='s2id_ClientAmPercentage_0_amid']/a", :tag_name=>"a"} to become present at:["D:/Ruby193/lib/ruby/gems/1.9.1/gems/watir-webdriver-0.6.9/lib/watir-webdriver/wait.rb:48:in `until'", "D:/Ruby193/lib/ruby/gems/1.9.1/gems/watir-webdriver-0.6.9/lib/watir-webdriver/wait.rb:174:in `wait_until_present'", "D:/Ruby193/lib/ruby/gems/1.9.1/gems/page-object-1.0.2/lib/page-object/platforms/watir_webdriver/element.rb:160:in `when_present'", "D:/work/jenkins/workspace/NDB_Automation/lol/app/pages/ndb/profile_page.rb:368:in `edit_account_information'", "D:/work/jenkins/workspace/NDB_Automation/lol/app/cases/ndb/profile_spec.rb:288:in `block (2 levels) in <top (required)>'", "D:/Ruby193/lib/ruby/gems/1.9.1/gems/rspec-core-2.14.8/lib/rspec/core/example.rb:114:in `instance_eval'", "D:/Ruby193/lib/ruby/gems/1.9.1/gems/rspec-core-2.14.8/lib/rspec/core/example.rb:114:in `block in run'", "D:/Ruby193/lib/ruby/gems/1.9.1/gems/rspec-core-2.14.8/lib/rspec/core/example.rb:254:in `with_around_each_hooks'", "D:/Ruby193/lib/ruby/gems/1.9.1/gems/rspec-core-2.14.8/lib/rspec/core/example.rb:111:in `run'", "D:/Ruby193/lib/ruby/gems/1.9.1/gems/rspec-core-2.14.8/lib/rspec/core/example_group.rb:390:in `block in run_examples'", "D:/Ruby193/lib/ruby/gems/1.9.1/gems/rspec-core-2.14.8/lib/rspec/core/example_group.rb:386:in `map'", "D:/Ruby193/lib/ruby/gems/1.9.1/gems/rspec-core-2.14.8/lib/rspec/core/example_group.rb:386:in `run_examples'", "D:/Ruby193/lib/ruby/gems/1.9.1/gems/rspec-core-2.14.8/lib/rspec/core/example_group.rb:371:in `run'", "D:/Ruby193/lib/ruby/gems/1.9.1/gems/rspec-core-2.14.8/lib/rspec/core/command_line.rb:28:in `block (2 levels) in run'", "D:/Ruby193/lib/ruby/gems/1.9.1/gems/rspec-core-2.14.8/lib/rspec/core/command_line.rb:28:in `map'", "D:/Ruby193/lib/ruby/gems/1.9.1/gems/rspec-core-2.14.8/lib/rspec/core/command_line.rb:28:in `block in run'", "D:/Ruby193/lib/ruby/gems/1.9.1/gems/rspec-core-2.14.8/lib/rspec/core/reporter.rb:58:in `report'", "D:/Ruby193/lib/ruby/gems/1.9.1/gems/rspec-core-2.14.8/lib/rspec/core/command_line.rb:25:in `run'", "D:/Ruby193/lib/ruby/gems/1.9.1/gems/rspec-core-2.14.8/lib/rspec/core/runner.rb:80:in `run'", "D:/Ruby193/lib/ruby/gems/1.9.1/gems/rspec-core-2.14.8/lib/rspec/core/runner.rb:17:in `block in autorun'"]
=======================================================================2014-11-13(07:44)
error:timed out after 30 seconds, waiting for {:xpath=>"//input[@id='cash-amount-new']", :tag_name=>"input or textarea", :type=>"(any text type)"} to become present at:["D:/Ruby193/lib/ruby/gems/1.9.1/gems/watir-webdriver-0.6.9/lib/watir-webdriver/wait.rb:48:in `until'", "D:/Ruby193/lib/ruby/gems/1.9.1/gems/watir-webdriver-0.6.9/lib/watir-webdriver/wait.rb:174:in `wait_until_present'", "D:/Ruby193/lib/ruby/gems/1.9.1/gems/page-object-1.0.2/lib/page-object/platforms/watir_webdriver/element.rb:160:in `when_present'", "D:/work/jenkins/workspace/NDB_Automation/lol/app/pages/ndb/profile_page.rb:305:in `add_date'", "D:/work/jenkins/workspace/NDB_Automation/lol/app/cases/ndb/profile_spec.rb:348:in `block (2 levels) in <top (required)>'", "D:/Ruby193/lib/ruby/gems/1.9.1/gems/rspec-core-2.14.8/lib/rspec/core/example.rb:114:in `instance_eval'", "D:/Ruby193/lib/ruby/gems/1.9.1/gems/rspec-core-2.14.8/lib/rspec/core/example.rb:114:in `block in run'", "D:/Ruby193/lib/ruby/gems/1.9.1/gems/rspec-core-2.14.8/lib/rspec/core/example.rb:254:in `with_around_each_hooks'", "D:/Ruby193/lib/ruby/gems/1.9.1/gems/rspec-core-2.14.8/lib/rspec/core/example.rb:111:in `run'", "D:/Ruby193/lib/ruby/gems/1.9.1/gems/rspec-core-2.14.8/lib/rspec/core/example_group.rb:390:in `block in run_examples'", "D:/Ruby193/lib/ruby/gems/1.9.1/gems/rspec-core-2.14.8/lib/rspec/core/example_group.rb:386:in `map'", "D:/Ruby193/lib/ruby/gems/1.9.1/gems/rspec-core-2.14.8/lib/rspec/core/example_group.rb:386:in `run_examples'", "D:/Ruby193/lib/ruby/gems/1.9.1/gems/rspec-core-2.14.8/lib/rspec/core/example_group.rb:371:in `run'", "D:/Ruby193/lib/ruby/gems/1.9.1/gems/rspec-core-2.14.8/lib/rspec/core/command_line.rb:28:in `block (2 levels) in run'", "D:/Ruby193/lib/ruby/gems/1.9.1/gems/rspec-core-2.14.8/lib/rspec/core/command_line.rb:28:in `map'", "D:/Ruby193/lib/ruby/gems/1.9.1/gems/rspec-core-2.14.8/lib/rspec/core/command_line.rb:28:in `block in run'", "D:/Ruby193/lib/ruby/gems/1.9.1/gems/rspec-core-2.14.8/lib/rspec/core/reporter.rb:58:in `report'", "D:/Ruby193/lib/ruby/gems/1.9.1/gems/rspec-core-2.14.8/lib/rspec/core/command_line.rb:25:in `run'", "D:/Ruby193/lib/ruby/gems/1.9.1/gems/rspec-core-2.14.8/lib/rspec/core/runner.rb:80:in `run'", "D:/Ruby193/lib/ruby/gems/1.9.1/gems/rspec-core-2.14.8/lib/rspec/core/runner.rb:17:in `block in autorun'"]
=======================================================================2014-11-13(07:49)
error:timed out after 30 seconds, waiting for {:xpath=>"//tr[3]/td[4]", :tag_name=>"td"} to become present at:["D:/Ruby193/lib/ruby/gems/1.9.1/gems/watir-webdriver-0.6.9/lib/watir-webdriver/wait.rb:48:in `until'", "D:/Ruby193/lib/ruby/gems/1.9.1/gems/watir-webdriver-0.6.9/lib/watir-webdriver/wait.rb:174:in `wait_until_present'", "D:/Ruby193/lib/ruby/gems/1.9.1/gems/page-object-1.0.2/lib/page-object/platforms/watir_webdriver/element.rb:160:in `when_present'", "D:/work/jenkins/workspace/NDB_Automation/lol/app/pages/ndb/profile_page.rb:354:in `edit_contract_information'", "D:/work/jenkins/workspace/NDB_Automation/lol/app/cases/ndb/profile_spec.rb:116:in `block (2 levels) in <top (required)>'", "D:/Ruby193/lib/ruby/gems/1.9.1/gems/rspec-core-2.14.8/lib/rspec/core/example.rb:114:in `instance_eval'", "D:/Ruby193/lib/ruby/gems/1.9.1/gems/rspec-core-2.14.8/lib/rspec/core/example.rb:114:in `block in run'", "D:/Ruby193/lib/ruby/gems/1.9.1/gems/rspec-core-2.14.8/lib/rspec/core/example.rb:254:in `with_around_each_hooks'", "D:/Ruby193/lib/ruby/gems/1.9.1/gems/rspec-core-2.14.8/lib/rspec/core/example.rb:111:in `run'", "D:/Ruby193/lib/ruby/gems/1.9.1/gems/rspec-core-2.14.8/lib/rspec/core/example_group.rb:390:in `block in run_examples'", "D:/Ruby193/lib/ruby/gems/1.9.1/gems/rspec-core-2.14.8/lib/rspec/core/example_group.rb:386:in `map'", "D:/Ruby193/lib/ruby/gems/1.9.1/gems/rspec-core-2.14.8/lib/rspec/core/example_group.rb:386:in `run_examples'", "D:/Ruby193/lib/ruby/gems/1.9.1/gems/rspec-core-2.14.8/lib/rspec/core/example_group.rb:371:in `run'", "D:/Ruby193/lib/ruby/gems/1.9.1/gems/rspec-core-2.14.8/lib/rspec/core/command_line.rb:28:in `block (2 levels) in run'", "D:/Ruby193/lib/ruby/gems/1.9.1/gems/rspec-core-2.14.8/lib/rspec/core/command_line.rb:28:in `map'", "D:/Ruby193/lib/ruby/gems/1.9.1/gems/rspec-core-2.14.8/lib/rspec/core/command_line.rb:28:in `block in run'", "D:/Ruby193/lib/ruby/gems/1.9.1/gems/rspec-core-2.14.8/lib/rspec/core/reporter.rb:58:in `report'", "D:/Ruby193/lib/ruby/gems/1.9.1/gems/rspec-core-2.14.8/lib/rspec/core/command_line.rb:25:in `run'", "D:/Ruby193/lib/ruby/gems/1.9.1/gems/rspec-core-2.14.8/lib/rspec/core/runner.rb:80:in `run'", "D:/Ruby193/lib/ruby/gems/1.9.1/gems/rspec-core-2.14.8/lib/rspec/core/runner.rb:17:in `block in autorun'"]
=======================================================================2014-11-13(19:37)
error:timed out after 30 seconds, waiting for {:xpath=>"//div[@id='s2id_ClientAmPercentage_0_amid']/a", :tag_name=>"a"} to become present at:["D:/Ruby193/lib/ruby/gems/1.9.1/gems/watir-webdriver-0.6.9/lib/watir-webdriver/wait.rb:48:in `until'", "D:/Ruby193/lib/ruby/gems/1.9.1/gems/watir-webdriver-0.6.9/lib/watir-webdriver/wait.rb:174:in `wait_until_present'", "D:/Ruby193/lib/ruby/gems/1.9.1/gems/page-object-1.0.2/lib/page-object/platforms/watir_webdriver/element.rb:160:in `when_present'", "D:/work/jenkins/workspace/NDB_Automation/lol/app/pages/ndb/profile_page.rb:368:in `edit_account_information'", "D:/work/jenkins/workspace/NDB_Automation/lol/app/cases/ndb/profile_spec.rb:122:in `block (2 levels) in <top (required)>'", "D:/Ruby193/lib/ruby/gems/1.9.1/gems/rspec-core-2.14.8/lib/rspec/core/example.rb:114:in `instance_eval'", "D:/Ruby193/lib/ruby/gems/1.9.1/gems/rspec-core-2.14.8/lib/rspec/core/example.rb:114:in `block in run'", "D:/Ruby193/lib/ruby/gems/1.9.1/gems/rspec-core-2.14.8/lib/rspec/core/example.rb:254:in `with_around_each_hooks'", "D:/Ruby193/lib/ruby/gems/1.9.1/gems/rspec-core-2.14.8/lib/rspec/core/example.rb:111:in `run'", "D:/Ruby193/lib/ruby/gems/1.9.1/gems/rspec-core-2.14.8/lib/rspec/core/example_group.rb:390:in `block in run_examples'", "D:/Ruby193/lib/ruby/gems/1.9.1/gems/rspec-core-2.14.8/lib/rspec/core/example_group.rb:386:in `map'", "D:/Ruby193/lib/ruby/gems/1.9.1/gems/rspec-core-2.14.8/lib/rspec/core/example_group.rb:386:in `run_examples'", "D:/Ruby193/lib/ruby/gems/1.9.1/gems/rspec-core-2.14.8/lib/rspec/core/example_group.rb:371:in `run'", "D:/Ruby193/lib/ruby/gems/1.9.1/gems/rspec-core-2.14.8/lib/rspec/core/command_line.rb:28:in `block (2 levels) in run'", "D:/Ruby193/lib/ruby/gems/1.9.1/gems/rspec-core-2.14.8/lib/rspec/core/command_line.rb:28:in `map'", "D:/Ruby193/lib/ruby/gems/1.9.1/gems/rspec-core-2.14.8/lib/rspec/core/command_line.rb:28:in `block in run'", "D:/Ruby193/lib/ruby/gems/1.9.1/gems/rspec-core-2.14.8/lib/rspec/core/reporter.rb:58:in `report'", "D:/Ruby193/lib/ruby/gems/1.9.1/gems/rspec-core-2.14.8/lib/rspec/core/command_line.rb:25:in `run'", "D:/Ruby193/lib/ruby/gems/1.9.1/gems/rspec-core-2.14.8/lib/rspec/core/runner.rb:80:in `run'", "D:/Ruby193/lib/ruby/gems/1.9.1/gems/rspec-core-2.14.8/lib/rspec/core/runner.rb:17:in `block in autorun'"]
=======================================================================2014-11-13(19:37)
error:timed out after 30 seconds, waiting for {:xpath=>"//input[@id='add-edit-am']", :tag_name=>"button"} to become present at:["D:/Ruby193/lib/ruby/gems/1.9.1/gems/watir-webdriver-0.6.9/lib/watir-webdriver/wait.rb:48:in `until'", "D:/Ruby193/lib/ruby/gems/1.9.1/gems/watir-webdriver-0.6.9/lib/watir-webdriver/wait.rb:174:in `wait_until_present'", "D:/Ruby193/lib/ruby/gems/1.9.1/gems/page-object-1.0.2/lib/page-object/platforms/watir_webdriver/element.rb:160:in `when_present'", "D:/work/jenkins/workspace/NDB_Automation/lol/app/pages/ndb/profile_page.rb:386:in `add_am'", "D:/work/jenkins/workspace/NDB_Automation/lol/app/cases/ndb/profile_spec.rb:127:in `block (2 levels) in <top (required)>'", "D:/Ruby193/lib/ruby/gems/1.9.1/gems/rspec-core-2.14.8/lib/rspec/core/example.rb:114:in `instance_eval'", "D:/Ruby193/lib/ruby/gems/1.9.1/gems/rspec-core-2.14.8/lib/rspec/core/example.rb:114:in `block in run'", "D:/Ruby193/lib/ruby/gems/1.9.1/gems/rspec-core-2.14.8/lib/rspec/core/example.rb:254:in `with_around_each_hooks'", "D:/Ruby193/lib/ruby/gems/1.9.1/gems/rspec-core-2.14.8/lib/rspec/core/example.rb:111:in `run'", "D:/Ruby193/lib/ruby/gems/1.9.1/gems/rspec-core-2.14.8/lib/rspec/core/example_group.rb:390:in `block in run_examples'", "D:/Ruby193/lib/ruby/gems/1.9.1/gems/rspec-core-2.14.8/lib/rspec/core/example_group.rb:386:in `map'", "D:/Ruby193/lib/ruby/gems/1.9.1/gems/rspec-core-2.14.8/lib/rspec/core/example_group.rb:386:in `run_examples'", "D:/Ruby193/lib/ruby/gems/1.9.1/gems/rspec-core-2.14.8/lib/rspec/core/example_group.rb:371:in `run'", "D:/Ruby193/lib/ruby/gems/1.9.1/gems/rspec-core-2.14.8/lib/rspec/core/command_line.rb:28:in `block (2 levels) in run'", "D:/Ruby193/lib/ruby/gems/1.9.1/gems/rspec-core-2.14.8/lib/rspec/core/command_line.rb:28:in `map'", "D:/Ruby193/lib/ruby/gems/1.9.1/gems/rspec-core-2.14.8/lib/rspec/core/command_line.rb:28:in `block in run'", "D:/Ruby193/lib/ruby/gems/1.9.1/gems/rspec-core-2.14.8/lib/rspec/core/reporter.rb:58:in `report'", "D:/Ruby193/lib/ruby/gems/1.9.1/gems/rspec-core-2.14.8/lib/rspec/core/command_line.rb:25:in `run'", "D:/Ruby193/lib/ruby/gems/1.9.1/gems/rspec-core-2.14.8/lib/rspec/core/runner.rb:80:in `run'", "D:/Ruby193/lib/ruby/gems/1.9.1/gems/rspec-core-2.14.8/lib/rspec/core/runner.rb:17:in `block in autorun'"]
=======================================================================2014-11-13(19:38)
error:[Exception... "Component returned failure code: 0x80004005 (NS_ERROR_FAILURE) [nsINativeMouse.click]"  nsresult: "0x80004005 (NS_ERROR_FAILURE)"  location: "JS frame :: file:///C:/Users/timsheng/AppData/Local/Temp/webdriver-profile20141113-24616-rafox5/extensions/fxdriver@googlecode.com/components/command-processor.js :: WebElement.clickElement :: line 11023"  data: no] at:["[remote server] file:///C:/Users/timsheng/AppData/Local/Temp/webdriver-profile20141113-24616-rafox5/extensions/fxdriver@googlecode.com/components/command-processor.js:11030:9:in `WebElement.clickElement'", "[remote server] file:///C:/Users/timsheng/AppData/Local/Temp/webdriver-profile20141113-24616-rafox5/extensions/fxdriver@googlecode.com/components/command-processor.js:11612:16:in `DelayedCommand.prototype.executeInternal_/h'", "[remote server] file:///C:/Users/timsheng/AppData/Local/Temp/webdriver-profile20141113-24616-rafox5/extensions/fxdriver@googlecode.com/components/command-processor.js:11617:7:in `DelayedCommand.prototype.executeInternal_'", "[remote server] file:///C:/Users/timsheng/AppData/Local/Temp/webdriver-profile20141113-24616-rafox5/extensions/fxdriver@googlecode.com/components/command-processor.js:11559:5:in `DelayedCommand.prototype.execute/<'", "D:/Ruby193/lib/ruby/gems/1.9.1/gems/selenium-webdriver-2.43.0/lib/selenium/webdriver/remote/response.rb:52:in `assert_ok'", "D:/Ruby193/lib/ruby/gems/1.9.1/gems/selenium-webdriver-2.43.0/lib/selenium/webdriver/remote/response.rb:15:in `initialize'", "D:/Ruby193/lib/ruby/gems/1.9.1/gems/selenium-webdriver-2.43.0/lib/selenium/webdriver/remote/http/common.rb:59:in `new'", "D:/Ruby193/lib/ruby/gems/1.9.1/gems/selenium-webdriver-2.43.0/lib/selenium/webdriver/remote/http/common.rb:59:in `create_response'", "D:/Ruby193/lib/ruby/gems/1.9.1/gems/selenium-webdriver-2.43.0/lib/selenium/webdriver/remote/http/default.rb:66:in `request'", "D:/Ruby193/lib/ruby/gems/1.9.1/gems/selenium-webdriver-2.43.0/lib/selenium/webdriver/remote/http/common.rb:40:in `call'", "D:/Ruby193/lib/ruby/gems/1.9.1/gems/selenium-webdriver-2.43.0/lib/selenium/webdriver/remote/bridge.rb:638:in `raw_execute'", "D:/Ruby193/lib/ruby/gems/1.9.1/gems/selenium-webdriver-2.43.0/lib/selenium/webdriver/remote/bridge.rb:616:in `execute'", "D:/Ruby193/lib/ruby/gems/1.9.1/gems/selenium-webdriver-2.43.0/lib/selenium/webdriver/remote/bridge.rb:373:in `clickElement'", "D:/Ruby193/lib/ruby/gems/1.9.1/gems/selenium-webdriver-2.43.0/lib/selenium/webdriver/common/element.rb:54:in `click'", "D:/Ruby193/lib/ruby/gems/1.9.1/gems/watir-webdriver-0.6.9/lib/watir-webdriver/elements/element.rb:131:in `click'", "D:/Ruby193/lib/ruby/gems/1.9.1/gems/page-object-1.0.2/lib/page-object/elements/element.rb:25:in `click'", "D:/work/jenkins/workspace/NDB_Automation/lol/app/pages/ndb/profile_page.rb:485:in `create_contact'", "D:/work/jenkins/workspace/NDB_Automation/lol/app/cases/ndb/profile_spec.rb:254:in `block (2 levels) in <top (required)>'", "D:/Ruby193/lib/ruby/gems/1.9.1/gems/rspec-core-2.14.8/lib/rspec/core/example.rb:114:in `instance_eval'", "D:/Ruby193/lib/ruby/gems/1.9.1/gems/rspec-core-2.14.8/lib/rspec/core/example.rb:114:in `block in run'", "D:/Ruby193/lib/ruby/gems/1.9.1/gems/rspec-core-2.14.8/lib/rspec/core/example.rb:254:in `with_around_each_hooks'", "D:/Ruby193/lib/ruby/gems/1.9.1/gems/rspec-core-2.14.8/lib/rspec/core/example.rb:111:in `run'", "D:/Ruby193/lib/ruby/gems/1.9.1/gems/rspec-core-2.14.8/lib/rspec/core/example_group.rb:390:in `block in run_examples'", "D:/Ruby193/lib/ruby/gems/1.9.1/gems/rspec-core-2.14.8/lib/rspec/core/example_group.rb:386:in `map'", "D:/Ruby193/lib/ruby/gems/1.9.1/gems/rspec-core-2.14.8/lib/rspec/core/example_group.rb:386:in `run_examples'", "D:/Ruby193/lib/ruby/gems/1.9.1/gems/rspec-core-2.14.8/lib/rspec/core/example_group.rb:371:in `run'", "D:/Ruby193/lib/ruby/gems/1.9.1/gems/rspec-core-2.14.8/lib/rspec/core/command_line.rb:28:in `block (2 levels) in run'", "D:/Ruby193/lib/ruby/gems/1.9.1/gems/rspec-core-2.14.8/lib/rspec/core/command_line.rb:28:in `map'", "D:/Ruby193/lib/ruby/gems/1.9.1/gems/rspec-core-2.14.8/lib/rspec/core/command_line.rb:28:in `block in run'", "D:/Ruby193/lib/ruby/gems/1.9.1/gems/rspec-core-2.14.8/lib/rspec/core/reporter.rb:58:in `report'", "D:/Ruby193/lib/ruby/gems/1.9.1/gems/rspec-core-2.14.8/lib/rspec/core/command_line.rb:25:in `run'", "D:/Ruby193/lib/ruby/gems/1.9.1/gems/rspec-core-2.14.8/lib/rspec/core/runner.rb:80:in `run'", "D:/Ruby193/lib/ruby/gems/1.9.1/gems/rspec-core-2.14.8/lib/rspec/core/runner.rb:17:in `block in autorun'"]
=======================================================================2014-11-13(19:43)
error:timed out after 30 seconds, waiting for {:xpath=>"//div[@id='s2id_ClientAmPercentage_0_amid']/a", :tag_name=>"a"} to become present at:["D:/Ruby193/lib/ruby/gems/1.9.1/gems/watir-webdriver-0.6.9/lib/watir-webdriver/wait.rb:48:in `until'", "D:/Ruby193/lib/ruby/gems/1.9.1/gems/watir-webdriver-0.6.9/lib/watir-webdriver/wait.rb:174:in `wait_until_present'", "D:/Ruby193/lib/ruby/gems/1.9.1/gems/page-object-1.0.2/lib/page-object/platforms/watir_webdriver/element.rb:160:in `when_present'", "D:/work/jenkins/workspace/NDB_Automation/lol/app/pages/ndb/profile_page.rb:368:in `edit_account_information'", "D:/work/jenkins/workspace/NDB_Automation/lol/app/cases/ndb/profile_spec.rb:288:in `block (2 levels) in <top (required)>'", "D:/Ruby193/lib/ruby/gems/1.9.1/gems/rspec-core-2.14.8/lib/rspec/core/example.rb:114:in `instance_eval'", "D:/Ruby193/lib/ruby/gems/1.9.1/gems/rspec-core-2.14.8/lib/rspec/core/example.rb:114:in `block in run'", "D:/Ruby193/lib/ruby/gems/1.9.1/gems/rspec-core-2.14.8/lib/rspec/core/example.rb:254:in `with_around_each_hooks'", "D:/Ruby193/lib/ruby/gems/1.9.1/gems/rspec-core-2.14.8/lib/rspec/core/example.rb:111:in `run'", "D:/Ruby193/lib/ruby/gems/1.9.1/gems/rspec-core-2.14.8/lib/rspec/core/example_group.rb:390:in `block in run_examples'", "D:/Ruby193/lib/ruby/gems/1.9.1/gems/rspec-core-2.14.8/lib/rspec/core/example_group.rb:386:in `map'", "D:/Ruby193/lib/ruby/gems/1.9.1/gems/rspec-core-2.14.8/lib/rspec/core/example_group.rb:386:in `run_examples'", "D:/Ruby193/lib/ruby/gems/1.9.1/gems/rspec-core-2.14.8/lib/rspec/core/example_group.rb:371:in `run'", "D:/Ruby193/lib/ruby/gems/1.9.1/gems/rspec-core-2.14.8/lib/rspec/core/command_line.rb:28:in `block (2 levels) in run'", "D:/Ruby193/lib/ruby/gems/1.9.1/gems/rspec-core-2.14.8/lib/rspec/core/command_line.rb:28:in `map'", "D:/Ruby193/lib/ruby/gems/1.9.1/gems/rspec-core-2.14.8/lib/rspec/core/command_line.rb:28:in `block in run'", "D:/Ruby193/lib/ruby/gems/1.9.1/gems/rspec-core-2.14.8/lib/rspec/core/reporter.rb:58:in `report'", "D:/Ruby193/lib/ruby/gems/1.9.1/gems/rspec-core-2.14.8/lib/rspec/core/command_line.rb:25:in `run'", "D:/Ruby193/lib/ruby/gems/1.9.1/gems/rspec-core-2.14.8/lib/rspec/core/runner.rb:80:in `run'", "D:/Ruby193/lib/ruby/gems/1.9.1/gems/rspec-core-2.14.8/lib/rspec/core/runner.rb:17:in `block in autorun'"]
=======================================================================2014-11-13(19:45)
error:timed out after 30 seconds, waiting for {:xpath=>"//div[@id='s2id_ClientAmPercentage_0_amid']/a", :tag_name=>"a"} to become present at:["D:/Ruby193/lib/ruby/gems/1.9.1/gems/watir-webdriver-0.6.9/lib/watir-webdriver/wait.rb:48:in `until'", "D:/Ruby193/lib/ruby/gems/1.9.1/gems/watir-webdriver-0.6.9/lib/watir-webdriver/wait.rb:174:in `wait_until_present'", "D:/Ruby193/lib/ruby/gems/1.9.1/gems/page-object-1.0.2/lib/page-object/platforms/watir_webdriver/element.rb:160:in `when_present'", "D:/work/jenkins/workspace/NDB_Automation/lol/app/pages/ndb/profile_page.rb:368:in `edit_account_information'", "D:/work/jenkins/workspace/NDB_Automation/lol/app/cases/ndb/profile_spec.rb:309:in `block (2 levels) in <top (required)>'", "D:/Ruby193/lib/ruby/gems/1.9.1/gems/rspec-core-2.14.8/lib/rspec/core/example.rb:114:in `instance_eval'", "D:/Ruby193/lib/ruby/gems/1.9.1/gems/rspec-core-2.14.8/lib/rspec/core/example.rb:114:in `block in run'", "D:/Ruby193/lib/ruby/gems/1.9.1/gems/rspec-core-2.14.8/lib/rspec/core/example.rb:254:in `with_around_each_hooks'", "D:/Ruby193/lib/ruby/gems/1.9.1/gems/rspec-core-2.14.8/lib/rspec/core/example.rb:111:in `run'", "D:/Ruby193/lib/ruby/gems/1.9.1/gems/rspec-core-2.14.8/lib/rspec/core/example_group.rb:390:in `block in run_examples'", "D:/Ruby193/lib/ruby/gems/1.9.1/gems/rspec-core-2.14.8/lib/rspec/core/example_group.rb:386:in `map'", "D:/Ruby193/lib/ruby/gems/1.9.1/gems/rspec-core-2.14.8/lib/rspec/core/example_group.rb:386:in `run_examples'", "D:/Ruby193/lib/ruby/gems/1.9.1/gems/rspec-core-2.14.8/lib/rspec/core/example_group.rb:371:in `run'", "D:/Ruby193/lib/ruby/gems/1.9.1/gems/rspec-core-2.14.8/lib/rspec/core/command_line.rb:28:in `block (2 levels) in run'", "D:/Ruby193/lib/ruby/gems/1.9.1/gems/rspec-core-2.14.8/lib/rspec/core/command_line.rb:28:in `map'", "D:/Ruby193/lib/ruby/gems/1.9.1/gems/rspec-core-2.14.8/lib/rspec/core/command_line.rb:28:in `block in run'", "D:/Ruby193/lib/ruby/gems/1.9.1/gems/rspec-core-2.14.8/lib/rspec/core/reporter.rb:58:in `report'", "D:/Ruby193/lib/ruby/gems/1.9.1/gems/rspec-core-2.14.8/lib/rspec/core/command_line.rb:25:in `run'", "D:/Ruby193/lib/ruby/gems/1.9.1/gems/rspec-core-2.14.8/lib/rspec/core/runner.rb:80:in `run'", "D:/Ruby193/lib/ruby/gems/1.9.1/gems/rspec-core-2.14.8/lib/rspec/core/runner.rb:17:in `block in autorun'"]
=======================================================================2014-11-13(19:48)
error:timed out after 30 seconds, waiting for {:xpath=>"//input[@id='add-edit-am']", :tag_name=>"button"} to become present at:["D:/Ruby193/lib/ruby/gems/1.9.1/gems/watir-webdriver-0.6.9/lib/watir-webdriver/wait.rb:48:in `until'", "D:/Ruby193/lib/ruby/gems/1.9.1/gems/watir-webdriver-0.6.9/lib/watir-webdriver/wait.rb:174:in `wait_until_present'", "D:/Ruby193/lib/ruby/gems/1.9.1/gems/page-object-1.0.2/lib/page-object/platforms/watir_webdriver/element.rb:160:in `when_present'", "D:/work/jenkins/workspace/NDB_Automation/lol/app/pages/ndb/profile_page.rb:386:in `add_am'", "D:/work/jenkins/workspace/NDB_Automation/lol/app/cases/ndb/profile_spec.rb:310:in `block (2 levels) in <top (required)>'", "D:/Ruby193/lib/ruby/gems/1.9.1/gems/rspec-core-2.14.8/lib/rspec/core/example.rb:114:in `instance_eval'", "D:/Ruby193/lib/ruby/gems/1.9.1/gems/rspec-core-2.14.8/lib/rspec/core/example.rb:114:in `block in run'", "D:/Ruby193/lib/ruby/gems/1.9.1/gems/rspec-core-2.14.8/lib/rspec/core/example.rb:254:in `with_around_each_hooks'", "D:/Ruby193/lib/ruby/gems/1.9.1/gems/rspec-core-2.14.8/lib/rspec/core/example.rb:111:in `run'", "D:/Ruby193/lib/ruby/gems/1.9.1/gems/rspec-core-2.14.8/lib/rspec/core/example_group.rb:390:in `block in run_examples'", "D:/Ruby193/lib/ruby/gems/1.9.1/gems/rspec-core-2.14.8/lib/rspec/core/example_group.rb:386:in `map'", "D:/Ruby193/lib/ruby/gems/1.9.1/gems/rspec-core-2.14.8/lib/rspec/core/example_group.rb:386:in `run_examples'", "D:/Ruby193/lib/ruby/gems/1.9.1/gems/rspec-core-2.14.8/lib/rspec/core/example_group.rb:371:in `run'", "D:/Ruby193/lib/ruby/gems/1.9.1/gems/rspec-core-2.14.8/lib/rspec/core/command_line.rb:28:in `block (2 levels) in run'", "D:/Ruby193/lib/ruby/gems/1.9.1/gems/rspec-core-2.14.8/lib/rspec/core/command_line.rb:28:in `map'", "D:/Ruby193/lib/ruby/gems/1.9.1/gems/rspec-core-2.14.8/lib/rspec/core/command_line.rb:28:in `block in run'", "D:/Ruby193/lib/ruby/gems/1.9.1/gems/rspec-core-2.14.8/lib/rspec/core/reporter.rb:58:in `report'", "D:/Ruby193/lib/ruby/gems/1.9.1/gems/rspec-core-2.14.8/lib/rspec/core/command_line.rb:25:in `run'", "D:/Ruby193/lib/ruby/gems/1.9.1/gems/rspec-core-2.14.8/lib/rspec/core/runner.rb:80:in `run'", "D:/Ruby193/lib/ruby/gems/1.9.1/gems/rspec-core-2.14.8/lib/rspec/core/runner.rb:17:in `block in autorun'"]
=======================================================================2014-11-13(19:48)
error:timed out after 30 seconds, waiting for {:xpath=>"//input[@id='cash-amount-new']", :tag_name=>"input or textarea", :type=>"(any text type)"} to become present at:["D:/Ruby193/lib/ruby/gems/1.9.1/gems/watir-webdriver-0.6.9/lib/watir-webdriver/wait.rb:48:in `until'", "D:/Ruby193/lib/ruby/gems/1.9.1/gems/watir-webdriver-0.6.9/lib/watir-webdriver/wait.rb:174:in `wait_until_present'", "D:/Ruby193/lib/ruby/gems/1.9.1/gems/page-object-1.0.2/lib/page-object/platforms/watir_webdriver/element.rb:160:in `when_present'", "D:/work/jenkins/workspace/NDB_Automation/lol/app/pages/ndb/profile_page.rb:305:in `add_date'", "D:/work/jenkins/workspace/NDB_Automation/lol/app/cases/ndb/profile_spec.rb:348:in `block (2 levels) in <top (required)>'", "D:/Ruby193/lib/ruby/gems/1.9.1/gems/rspec-core-2.14.8/lib/rspec/core/example.rb:114:in `instance_eval'", "D:/Ruby193/lib/ruby/gems/1.9.1/gems/rspec-core-2.14.8/lib/rspec/core/example.rb:114:in `block in run'", "D:/Ruby193/lib/ruby/gems/1.9.1/gems/rspec-core-2.14.8/lib/rspec/core/example.rb:254:in `with_around_each_hooks'", "D:/Ruby193/lib/ruby/gems/1.9.1/gems/rspec-core-2.14.8/lib/rspec/core/example.rb:111:in `run'", "D:/Ruby193/lib/ruby/gems/1.9.1/gems/rspec-core-2.14.8/lib/rspec/core/example_group.rb:390:in `block in run_examples'", "D:/Ruby193/lib/ruby/gems/1.9.1/gems/rspec-core-2.14.8/lib/rspec/core/example_group.rb:386:in `map'", "D:/Ruby193/lib/ruby/gems/1.9.1/gems/rspec-core-2.14.8/lib/rspec/core/example_group.rb:386:in `run_examples'", "D:/Ruby193/lib/ruby/gems/1.9.1/gems/rspec-core-2.14.8/lib/rspec/core/example_group.rb:371:in `run'", "D:/Ruby193/lib/ruby/gems/1.9.1/gems/rspec-core-2.14.8/lib/rspec/core/command_line.rb:28:in `block (2 levels) in run'", "D:/Ruby193/lib/ruby/gems/1.9.1/gems/rspec-core-2.14.8/lib/rspec/core/command_line.rb:28:in `map'", "D:/Ruby193/lib/ruby/gems/1.9.1/gems/rspec-core-2.14.8/lib/rspec/core/command_line.rb:28:in `block in run'", "D:/Ruby193/lib/ruby/gems/1.9.1/gems/rspec-core-2.14.8/lib/rspec/core/reporter.rb:58:in `report'", "D:/Ruby193/lib/ruby/gems/1.9.1/gems/rspec-core-2.14.8/lib/rspec/core/command_line.rb:25:in `run'", "D:/Ruby193/lib/ruby/gems/1.9.1/gems/rspec-core-2.14.8/lib/rspec/core/runner.rb:80:in `run'", "D:/Ruby193/lib/ruby/gems/1.9.1/gems/rspec-core-2.14.8/lib/rspec/core/runner.rb:17:in `block in autorun'"]
=======================================================================2014-11-13(19:51)
error:[Exception... "Component returned failure code: 0x80004005 (NS_ERROR_FAILURE) [nsINativeMouse.click]"  nsresult: "0x80004005 (NS_ERROR_FAILURE)"  location: "JS frame :: file:///C:/Users/timsheng/AppData/Local/Temp/webdriver-profile20141113-37296-2uqbq7/extensions/fxdriver@googlecode.com/components/command-processor.js :: WebElement.clickElement :: line 11023"  data: no] at:["[remote server] file:///C:/Users/timsheng/AppData/Local/Temp/webdriver-profile20141113-37296-2uqbq7/extensions/fxdriver@googlecode.com/components/command-processor.js:11030:9:in `WebElement.clickElement'", "[remote server] file:///C:/Users/timsheng/AppData/Local/Temp/webdriver-profile20141113-37296-2uqbq7/extensions/fxdriver@googlecode.com/components/command-processor.js:11612:16:in `DelayedCommand.prototype.executeInternal_/h'", "[remote server] file:///C:/Users/timsheng/AppData/Local/Temp/webdriver-profile20141113-37296-2uqbq7/extensions/fxdriver@googlecode.com/components/command-processor.js:11617:7:in `DelayedCommand.prototype.executeInternal_'", "[remote server] file:///C:/Users/timsheng/AppData/Local/Temp/webdriver-profile20141113-37296-2uqbq7/extensions/fxdriver@googlecode.com/components/command-processor.js:11559:5:in `DelayedCommand.prototype.execute/<'", "D:/Ruby193/lib/ruby/gems/1.9.1/gems/selenium-webdriver-2.43.0/lib/selenium/webdriver/remote/response.rb:52:in `assert_ok'", "D:/Ruby193/lib/ruby/gems/1.9.1/gems/selenium-webdriver-2.43.0/lib/selenium/webdriver/remote/response.rb:15:in `initialize'", "D:/Ruby193/lib/ruby/gems/1.9.1/gems/selenium-webdriver-2.43.0/lib/selenium/webdriver/remote/http/common.rb:59:in `new'", "D:/Ruby193/lib/ruby/gems/1.9.1/gems/selenium-webdriver-2.43.0/lib/selenium/webdriver/remote/http/common.rb:59:in `create_response'", "D:/Ruby193/lib/ruby/gems/1.9.1/gems/selenium-webdriver-2.43.0/lib/selenium/webdriver/remote/http/default.rb:66:in `request'", "D:/Ruby193/lib/ruby/gems/1.9.1/gems/selenium-webdriver-2.43.0/lib/selenium/webdriver/remote/http/common.rb:40:in `call'", "D:/Ruby193/lib/ruby/gems/1.9.1/gems/selenium-webdriver-2.43.0/lib/selenium/webdriver/remote/bridge.rb:638:in `raw_execute'", "D:/Ruby193/lib/ruby/gems/1.9.1/gems/selenium-webdriver-2.43.0/lib/selenium/webdriver/remote/bridge.rb:616:in `execute'", "D:/Ruby193/lib/ruby/gems/1.9.1/gems/selenium-webdriver-2.43.0/lib/selenium/webdriver/remote/bridge.rb:373:in `clickElement'", "D:/Ruby193/lib/ruby/gems/1.9.1/gems/selenium-webdriver-2.43.0/lib/selenium/webdriver/common/element.rb:54:in `click'", "D:/Ruby193/lib/ruby/gems/1.9.1/gems/watir-webdriver-0.6.9/lib/watir-webdriver/elements/element.rb:131:in `click'", "D:/Ruby193/lib/ruby/gems/1.9.1/gems/page-object-1.0.2/lib/page-object/elements/element.rb:25:in `click'", "D:/work/jenkins/workspace/NDB_Automation/lol/app/pages/ndb/profile_page.rb:485:in `create_contact'", "D:/work/jenkins/workspace/NDB_Automation/lol/app/cases/ndb/profile_spec.rb:254:in `block (2 levels) in <top (required)>'", "D:/Ruby193/lib/ruby/gems/1.9.1/gems/rspec-core-2.14.8/lib/rspec/core/example.rb:114:in `instance_eval'", "D:/Ruby193/lib/ruby/gems/1.9.1/gems/rspec-core-2.14.8/lib/rspec/core/example.rb:114:in `block in run'", "D:/Ruby193/lib/ruby/gems/1.9.1/gems/rspec-core-2.14.8/lib/rspec/core/example.rb:254:in `with_around_each_hooks'", "D:/Ruby193/lib/ruby/gems/1.9.1/gems/rspec-core-2.14.8/lib/rspec/core/example.rb:111:in `run'", "D:/Ruby193/lib/ruby/gems/1.9.1/gems/rspec-core-2.14.8/lib/rspec/core/example_group.rb:390:in `block in run_examples'", "D:/Ruby193/lib/ruby/gems/1.9.1/gems/rspec-core-2.14.8/lib/rspec/core/example_group.rb:386:in `map'", "D:/Ruby193/lib/ruby/gems/1.9.1/gems/rspec-core-2.14.8/lib/rspec/core/example_group.rb:386:in `run_examples'", "D:/Ruby193/lib/ruby/gems/1.9.1/gems/rspec-core-2.14.8/lib/rspec/core/example_group.rb:371:in `run'", "D:/Ruby193/lib/ruby/gems/1.9.1/gems/rspec-core-2.14.8/lib/rspec/core/command_line.rb:28:in `block (2 levels) in run'", "D:/Ruby193/lib/ruby/gems/1.9.1/gems/rspec-core-2.14.8/lib/rspec/core/command_line.rb:28:in `map'", "D:/Ruby193/lib/ruby/gems/1.9.1/gems/rspec-core-2.14.8/lib/rspec/core/command_line.rb:28:in `block in run'", "D:/Ruby193/lib/ruby/gems/1.9.1/gems/rspec-core-2.14.8/lib/rspec/core/reporter.rb:58:in `report'", "D:/Ruby193/lib/ruby/gems/1.9.1/gems/rspec-core-2.14.8/lib/rspec/core/command_line.rb:25:in `run'", "D:/Ruby193/lib/ruby/gems/1.9.1/gems/rspec-core-2.14.8/lib/rspec/core/runner.rb:80:in `run'", "D:/Ruby193/lib/ruby/gems/1.9.1/gems/rspec-core-2.14.8/lib/rspec/core/runner.rb:17:in `block in autorun'"]
=======================================================================2014-11-13(22:07)
error:[Exception... "Component returned failure code: 0x80004005 (NS_ERROR_FAILURE) [nsINativeMouse.click]"  nsresult: "0x80004005 (NS_ERROR_FAILURE)"  location: "JS frame :: file:///C:/Users/timsheng/AppData/Local/Temp/webdriver-profile20141113-6096-310424/extensions/fxdriver@googlecode.com/components/command-processor.js :: WebElement.clickElement :: line 11023"  data: no] at:["[remote server] file:///C:/Users/timsheng/AppData/Local/Temp/webdriver-profile20141113-6096-310424/extensions/fxdriver@googlecode.com/components/command-processor.js:11030:9:in `WebElement.clickElement'", "[remote server] file:///C:/Users/timsheng/AppData/Local/Temp/webdriver-profile20141113-6096-310424/extensions/fxdriver@googlecode.com/components/command-processor.js:11612:16:in `DelayedCommand.prototype.executeInternal_/h'", "[remote server] file:///C:/Users/timsheng/AppData/Local/Temp/webdriver-profile20141113-6096-310424/extensions/fxdriver@googlecode.com/components/command-processor.js:11617:7:in `DelayedCommand.prototype.executeInternal_'", "[remote server] file:///C:/Users/timsheng/AppData/Local/Temp/webdriver-profile20141113-6096-310424/extensions/fxdriver@googlecode.com/components/command-processor.js:11559:5:in `DelayedCommand.prototype.execute/<'", "D:/Ruby193/lib/ruby/gems/1.9.1/gems/selenium-webdriver-2.43.0/lib/selenium/webdriver/remote/response.rb:52:in `assert_ok'", "D:/Ruby193/lib/ruby/gems/1.9.1/gems/selenium-webdriver-2.43.0/lib/selenium/webdriver/remote/response.rb:15:in `initialize'", "D:/Ruby193/lib/ruby/gems/1.9.1/gems/selenium-webdriver-2.43.0/lib/selenium/webdriver/remote/http/common.rb:59:in `new'", "D:/Ruby193/lib/ruby/gems/1.9.1/gems/selenium-webdriver-2.43.0/lib/selenium/webdriver/remote/http/common.rb:59:in `create_response'", "D:/Ruby193/lib/ruby/gems/1.9.1/gems/selenium-webdriver-2.43.0/lib/selenium/webdriver/remote/http/default.rb:66:in `request'", "D:/Ruby193/lib/ruby/gems/1.9.1/gems/selenium-webdriver-2.43.0/lib/selenium/webdriver/remote/http/common.rb:40:in `call'", "D:/Ruby193/lib/ruby/gems/1.9.1/gems/selenium-webdriver-2.43.0/lib/selenium/webdriver/remote/bridge.rb:638:in `raw_execute'", "D:/Ruby193/lib/ruby/gems/1.9.1/gems/selenium-webdriver-2.43.0/lib/selenium/webdriver/remote/bridge.rb:616:in `execute'", "D:/Ruby193/lib/ruby/gems/1.9.1/gems/selenium-webdriver-2.43.0/lib/selenium/webdriver/remote/bridge.rb:373:in `clickElement'", "D:/Ruby193/lib/ruby/gems/1.9.1/gems/selenium-webdriver-2.43.0/lib/selenium/webdriver/common/element.rb:54:in `click'", "D:/Ruby193/lib/ruby/gems/1.9.1/gems/watir-webdriver-0.6.9/lib/watir-webdriver/elements/element.rb:131:in `click'", "D:/Ruby193/lib/ruby/gems/1.9.1/gems/page-object-1.0.2/lib/page-object/elements/element.rb:25:in `click'", "D:/work/jenkins/workspace/NDB_Automation/lol/app/pages/ndb/profile_page.rb:488:in `create_contact'", "D:/work/jenkins/workspace/NDB_Automation/lol/app/cases/ndb/profile_spec.rb:254:in `block (2 levels) in <top (required)>'", "D:/Ruby193/lib/ruby/gems/1.9.1/gems/rspec-core-2.14.8/lib/rspec/core/example.rb:114:in `instance_eval'", "D:/Ruby193/lib/ruby/gems/1.9.1/gems/rspec-core-2.14.8/lib/rspec/core/example.rb:114:in `block in run'", "D:/Ruby193/lib/ruby/gems/1.9.1/gems/rspec-core-2.14.8/lib/rspec/core/example.rb:254:in `with_around_each_hooks'", "D:/Ruby193/lib/ruby/gems/1.9.1/gems/rspec-core-2.14.8/lib/rspec/core/example.rb:111:in `run'", "D:/Ruby193/lib/ruby/gems/1.9.1/gems/rspec-core-2.14.8/lib/rspec/core/example_group.rb:390:in `block in run_examples'", "D:/Ruby193/lib/ruby/gems/1.9.1/gems/rspec-core-2.14.8/lib/rspec/core/example_group.rb:386:in `map'", "D:/Ruby193/lib/ruby/gems/1.9.1/gems/rspec-core-2.14.8/lib/rspec/core/example_group.rb:386:in `run_examples'", "D:/Ruby193/lib/ruby/gems/1.9.1/gems/rspec-core-2.14.8/lib/rspec/core/example_group.rb:371:in `run'", "D:/Ruby193/lib/ruby/gems/1.9.1/gems/rspec-core-2.14.8/lib/rspec/core/command_line.rb:28:in `block (2 levels) in run'", "D:/Ruby193/lib/ruby/gems/1.9.1/gems/rspec-core-2.14.8/lib/rspec/core/command_line.rb:28:in `map'", "D:/Ruby193/lib/ruby/gems/1.9.1/gems/rspec-core-2.14.8/lib/rspec/core/command_line.rb:28:in `block in run'", "D:/Ruby193/lib/ruby/gems/1.9.1/gems/rspec-core-2.14.8/lib/rspec/core/reporter.rb:58:in `report'", "D:/Ruby193/lib/ruby/gems/1.9.1/gems/rspec-core-2.14.8/lib/rspec/core/command_line.rb:25:in `run'", "D:/Ruby193/lib/ruby/gems/1.9.1/gems/rspec-core-2.14.8/lib/rspec/core/runner.rb:80:in `run'", "D:/Ruby193/lib/ruby/gems/1.9.1/gems/rspec-core-2.14.8/lib/rspec/core/runner.rb:17:in `block in autorun'"]
=======================================================================2014-11-13(22:12)
error:[Exception... "Component returned failure code: 0x80004005 (NS_ERROR_FAILURE) [nsINativeMouse.click]"  nsresult: "0x80004005 (NS_ERROR_FAILURE)"  location: "JS frame :: file:///C:/Users/timsheng/AppData/Local/Temp/webdriver-profile20141113-9064-1lfvtmq/extensions/fxdriver@googlecode.com/components/command-processor.js :: WebElement.clickElement :: line 11023"  data: no] at:["[remote server] file:///C:/Users/timsheng/AppData/Local/Temp/webdriver-profile20141113-9064-1lfvtmq/extensions/fxdriver@googlecode.com/components/command-processor.js:11030:9:in `WebElement.clickElement'", "[remote server] file:///C:/Users/timsheng/AppData/Local/Temp/webdriver-profile20141113-9064-1lfvtmq/extensions/fxdriver@googlecode.com/components/command-processor.js:11612:16:in `DelayedCommand.prototype.executeInternal_/h'", "[remote server] file:///C:/Users/timsheng/AppData/Local/Temp/webdriver-profile20141113-9064-1lfvtmq/extensions/fxdriver@googlecode.com/components/command-processor.js:11617:7:in `DelayedCommand.prototype.executeInternal_'", "[remote server] file:///C:/Users/timsheng/AppData/Local/Temp/webdriver-profile20141113-9064-1lfvtmq/extensions/fxdriver@googlecode.com/components/command-processor.js:11559:5:in `DelayedCommand.prototype.execute/<'", "D:/Ruby193/lib/ruby/gems/1.9.1/gems/selenium-webdriver-2.43.0/lib/selenium/webdriver/remote/response.rb:52:in `assert_ok'", "D:/Ruby193/lib/ruby/gems/1.9.1/gems/selenium-webdriver-2.43.0/lib/selenium/webdriver/remote/response.rb:15:in `initialize'", "D:/Ruby193/lib/ruby/gems/1.9.1/gems/selenium-webdriver-2.43.0/lib/selenium/webdriver/remote/http/common.rb:59:in `new'", "D:/Ruby193/lib/ruby/gems/1.9.1/gems/selenium-webdriver-2.43.0/lib/selenium/webdriver/remote/http/common.rb:59:in `create_response'", "D:/Ruby193/lib/ruby/gems/1.9.1/gems/selenium-webdriver-2.43.0/lib/selenium/webdriver/remote/http/default.rb:66:in `request'", "D:/Ruby193/lib/ruby/gems/1.9.1/gems/selenium-webdriver-2.43.0/lib/selenium/webdriver/remote/http/common.rb:40:in `call'", "D:/Ruby193/lib/ruby/gems/1.9.1/gems/selenium-webdriver-2.43.0/lib/selenium/webdriver/remote/bridge.rb:638:in `raw_execute'", "D:/Ruby193/lib/ruby/gems/1.9.1/gems/selenium-webdriver-2.43.0/lib/selenium/webdriver/remote/bridge.rb:616:in `execute'", "D:/Ruby193/lib/ruby/gems/1.9.1/gems/selenium-webdriver-2.43.0/lib/selenium/webdriver/remote/bridge.rb:373:in `clickElement'", "D:/Ruby193/lib/ruby/gems/1.9.1/gems/selenium-webdriver-2.43.0/lib/selenium/webdriver/common/element.rb:54:in `click'", "D:/Ruby193/lib/ruby/gems/1.9.1/gems/watir-webdriver-0.6.9/lib/watir-webdriver/elements/element.rb:131:in `click'", "D:/Ruby193/lib/ruby/gems/1.9.1/gems/page-object-1.0.2/lib/page-object/elements/element.rb:25:in `click'", "D:/work/jenkins/workspace/NDB_Automation/lol/app/pages/ndb/profile_page.rb:486:in `create_contact'", "D:/work/jenkins/workspace/NDB_Automation/lol/app/cases/ndb/profile_spec.rb:254:in `block (2 levels) in <top (required)>'", "D:/Ruby193/lib/ruby/gems/1.9.1/gems/rspec-core-2.14.8/lib/rspec/core/example.rb:114:in `instance_eval'", "D:/Ruby193/lib/ruby/gems/1.9.1/gems/rspec-core-2.14.8/lib/rspec/core/example.rb:114:in `block in run'", "D:/Ruby193/lib/ruby/gems/1.9.1/gems/rspec-core-2.14.8/lib/rspec/core/example.rb:254:in `with_around_each_hooks'", "D:/Ruby193/lib/ruby/gems/1.9.1/gems/rspec-core-2.14.8/lib/rspec/core/example.rb:111:in `run'", "D:/Ruby193/lib/ruby/gems/1.9.1/gems/rspec-core-2.14.8/lib/rspec/core/example_group.rb:390:in `block in run_examples'", "D:/Ruby193/lib/ruby/gems/1.9.1/gems/rspec-core-2.14.8/lib/rspec/core/example_group.rb:386:in `map'", "D:/Ruby193/lib/ruby/gems/1.9.1/gems/rspec-core-2.14.8/lib/rspec/core/example_group.rb:386:in `run_examples'", "D:/Ruby193/lib/ruby/gems/1.9.1/gems/rspec-core-2.14.8/lib/rspec/core/example_group.rb:371:in `run'", "D:/Ruby193/lib/ruby/gems/1.9.1/gems/rspec-core-2.14.8/lib/rspec/core/command_line.rb:28:in `block (2 levels) in run'", "D:/Ruby193/lib/ruby/gems/1.9.1/gems/rspec-core-2.14.8/lib/rspec/core/command_line.rb:28:in `map'", "D:/Ruby193/lib/ruby/gems/1.9.1/gems/rspec-core-2.14.8/lib/rspec/core/command_line.rb:28:in `block in run'", "D:/Ruby193/lib/ruby/gems/1.9.1/gems/rspec-core-2.14.8/lib/rspec/core/reporter.rb:58:in `report'", "D:/Ruby193/lib/ruby/gems/1.9.1/gems/rspec-core-2.14.8/lib/rspec/core/command_line.rb:25:in `run'", "D:/Ruby193/lib/ruby/gems/1.9.1/gems/rspec-core-2.14.8/lib/rspec/core/runner.rb:80:in `run'", "D:/Ruby193/lib/ruby/gems/1.9.1/gems/rspec-core-2.14.8/lib/rspec/core/runner.rb:17:in `block in autorun'"]
=======================================================================2014-11-13(22:15)
error:[Exception... "Component returned failure code: 0x80004005 (NS_ERROR_FAILURE) [nsINativeMouse.click]"  nsresult: "0x80004005 (NS_ERROR_FAILURE)"  location: "JS frame :: file:///C:/Users/timsheng/AppData/Local/Temp/webdriver-profile20141113-32760-wh4k4x/extensions/fxdriver@googlecode.com/components/command-processor.js :: WebElement.clickElement :: line 11023"  data: no] at:["[remote server] file:///C:/Users/timsheng/AppData/Local/Temp/webdriver-profile20141113-32760-wh4k4x/extensions/fxdriver@googlecode.com/components/command-processor.js:11030:9:in `WebElement.clickElement'", "[remote server] file:///C:/Users/timsheng/AppData/Local/Temp/webdriver-profile20141113-32760-wh4k4x/extensions/fxdriver@googlecode.com/components/command-processor.js:11612:16:in `DelayedCommand.prototype.executeInternal_/h'", "[remote server] file:///C:/Users/timsheng/AppData/Local/Temp/webdriver-profile20141113-32760-wh4k4x/extensions/fxdriver@googlecode.com/components/command-processor.js:11617:7:in `DelayedCommand.prototype.executeInternal_'", "[remote server] file:///C:/Users/timsheng/AppData/Local/Temp/webdriver-profile20141113-32760-wh4k4x/extensions/fxdriver@googlecode.com/components/command-processor.js:11559:5:in `DelayedCommand.prototype.execute/<'", "D:/Ruby193/lib/ruby/gems/1.9.1/gems/selenium-webdriver-2.43.0/lib/selenium/webdriver/remote/response.rb:52:in `assert_ok'", "D:/Ruby193/lib/ruby/gems/1.9.1/gems/selenium-webdriver-2.43.0/lib/selenium/webdriver/remote/response.rb:15:in `initialize'", "D:/Ruby193/lib/ruby/gems/1.9.1/gems/selenium-webdriver-2.43.0/lib/selenium/webdriver/remote/http/common.rb:59:in `new'", "D:/Ruby193/lib/ruby/gems/1.9.1/gems/selenium-webdriver-2.43.0/lib/selenium/webdriver/remote/http/common.rb:59:in `create_response'", "D:/Ruby193/lib/ruby/gems/1.9.1/gems/selenium-webdriver-2.43.0/lib/selenium/webdriver/remote/http/default.rb:66:in `request'", "D:/Ruby193/lib/ruby/gems/1.9.1/gems/selenium-webdriver-2.43.0/lib/selenium/webdriver/remote/http/common.rb:40:in `call'", "D:/Ruby193/lib/ruby/gems/1.9.1/gems/selenium-webdriver-2.43.0/lib/selenium/webdriver/remote/bridge.rb:638:in `raw_execute'", "D:/Ruby193/lib/ruby/gems/1.9.1/gems/selenium-webdriver-2.43.0/lib/selenium/webdriver/remote/bridge.rb:616:in `execute'", "D:/Ruby193/lib/ruby/gems/1.9.1/gems/selenium-webdriver-2.43.0/lib/selenium/webdriver/remote/bridge.rb:373:in `clickElement'", "D:/Ruby193/lib/ruby/gems/1.9.1/gems/selenium-webdriver-2.43.0/lib/selenium/webdriver/common/element.rb:54:in `click'", "D:/Ruby193/lib/ruby/gems/1.9.1/gems/watir-webdriver-0.6.9/lib/watir-webdriver/elements/element.rb:131:in `click'", "D:/Ruby193/lib/ruby/gems/1.9.1/gems/page-object-1.0.2/lib/page-object/elements/element.rb:25:in `click'", "D:/work/jenkins/workspace/NDB_Automation/lol/app/pages/ndb/profile_page.rb:486:in `create_contact'", "D:/work/jenkins/workspace/NDB_Automation/lol/app/cases/ndb/profile_spec.rb:254:in `block (2 levels) in <top (required)>'", "D:/Ruby193/lib/ruby/gems/1.9.1/gems/rspec-core-2.14.8/lib/rspec/core/example.rb:114:in `instance_eval'", "D:/Ruby193/lib/ruby/gems/1.9.1/gems/rspec-core-2.14.8/lib/rspec/core/example.rb:114:in `block in run'", "D:/Ruby193/lib/ruby/gems/1.9.1/gems/rspec-core-2.14.8/lib/rspec/core/example.rb:254:in `with_around_each_hooks'", "D:/Ruby193/lib/ruby/gems/1.9.1/gems/rspec-core-2.14.8/lib/rspec/core/example.rb:111:in `run'", "D:/Ruby193/lib/ruby/gems/1.9.1/gems/rspec-core-2.14.8/lib/rspec/core/example_group.rb:390:in `block in run_examples'", "D:/Ruby193/lib/ruby/gems/1.9.1/gems/rspec-core-2.14.8/lib/rspec/core/example_group.rb:386:in `map'", "D:/Ruby193/lib/ruby/gems/1.9.1/gems/rspec-core-2.14.8/lib/rspec/core/example_group.rb:386:in `run_examples'", "D:/Ruby193/lib/ruby/gems/1.9.1/gems/rspec-core-2.14.8/lib/rspec/core/example_group.rb:371:in `run'", "D:/Ruby193/lib/ruby/gems/1.9.1/gems/rspec-core-2.14.8/lib/rspec/core/command_line.rb:28:in `block (2 levels) in run'", "D:/Ruby193/lib/ruby/gems/1.9.1/gems/rspec-core-2.14.8/lib/rspec/core/command_line.rb:28:in `map'", "D:/Ruby193/lib/ruby/gems/1.9.1/gems/rspec-core-2.14.8/lib/rspec/core/command_line.rb:28:in `block in run'", "D:/Ruby193/lib/ruby/gems/1.9.1/gems/rspec-core-2.14.8/lib/rspec/core/reporter.rb:58:in `report'", "D:/Ruby193/lib/ruby/gems/1.9.1/gems/rspec-core-2.14.8/lib/rspec/core/command_line.rb:25:in `run'", "D:/Ruby193/lib/ruby/gems/1.9.1/gems/rspec-core-2.14.8/lib/rspec/core/runner.rb:80:in `run'", "D:/Ruby193/lib/ruby/gems/1.9.1/gems/rspec-core-2.14.8/lib/rspec/core/runner.rb:17:in `block in autorun'"]
=======================================================================2014-11-13(22:17)
error:[Exception... "Component returned failure code: 0x80004005 (NS_ERROR_FAILURE) [nsINativeMouse.click]"  nsresult: "0x80004005 (NS_ERROR_FAILURE)"  location: "JS frame :: file:///C:/Users/timsheng/AppData/Local/Temp/webdriver-profile20141113-25036-1itv5gu/extensions/fxdriver@googlecode.com/components/command-processor.js :: WebElement.clickElement :: line 11023"  data: no] at:["[remote server] file:///C:/Users/timsheng/AppData/Local/Temp/webdriver-profile20141113-25036-1itv5gu/extensions/fxdriver@googlecode.com/components/command-processor.js:11030:9:in `WebElement.clickElement'", "[remote server] file:///C:/Users/timsheng/AppData/Local/Temp/webdriver-profile20141113-25036-1itv5gu/extensions/fxdriver@googlecode.com/components/command-processor.js:11612:16:in `DelayedCommand.prototype.executeInternal_/h'", "[remote server] file:///C:/Users/timsheng/AppData/Local/Temp/webdriver-profile20141113-25036-1itv5gu/extensions/fxdriver@googlecode.com/components/command-processor.js:11617:7:in `DelayedCommand.prototype.executeInternal_'", "[remote server] file:///C:/Users/timsheng/AppData/Local/Temp/webdriver-profile20141113-25036-1itv5gu/extensions/fxdriver@googlecode.com/components/command-processor.js:11559:5:in `DelayedCommand.prototype.execute/<'", "D:/Ruby193/lib/ruby/gems/1.9.1/gems/selenium-webdriver-2.43.0/lib/selenium/webdriver/remote/response.rb:52:in `assert_ok'", "D:/Ruby193/lib/ruby/gems/1.9.1/gems/selenium-webdriver-2.43.0/lib/selenium/webdriver/remote/response.rb:15:in `initialize'", "D:/Ruby193/lib/ruby/gems/1.9.1/gems/selenium-webdriver-2.43.0/lib/selenium/webdriver/remote/http/common.rb:59:in `new'", "D:/Ruby193/lib/ruby/gems/1.9.1/gems/selenium-webdriver-2.43.0/lib/selenium/webdriver/remote/http/common.rb:59:in `create_response'", "D:/Ruby193/lib/ruby/gems/1.9.1/gems/selenium-webdriver-2.43.0/lib/selenium/webdriver/remote/http/default.rb:66:in `request'", "D:/Ruby193/lib/ruby/gems/1.9.1/gems/selenium-webdriver-2.43.0/lib/selenium/webdriver/remote/http/common.rb:40:in `call'", "D:/Ruby193/lib/ruby/gems/1.9.1/gems/selenium-webdriver-2.43.0/lib/selenium/webdriver/remote/bridge.rb:638:in `raw_execute'", "D:/Ruby193/lib/ruby/gems/1.9.1/gems/selenium-webdriver-2.43.0/lib/selenium/webdriver/remote/bridge.rb:616:in `execute'", "D:/Ruby193/lib/ruby/gems/1.9.1/gems/selenium-webdriver-2.43.0/lib/selenium/webdriver/remote/bridge.rb:373:in `clickElement'", "D:/Ruby193/lib/ruby/gems/1.9.1/gems/selenium-webdriver-2.43.0/lib/selenium/webdriver/common/element.rb:54:in `click'", "D:/Ruby193/lib/ruby/gems/1.9.1/gems/watir-webdriver-0.6.9/lib/watir-webdriver/elements/element.rb:131:in `click'", "D:/Ruby193/lib/ruby/gems/1.9.1/gems/page-object-1.0.2/lib/page-object/elements/element.rb:25:in `click'", "D:/work/jenkins/workspace/NDB_Automation/lol/app/pages/ndb/profile_page.rb:485:in `create_contact'", "D:/work/jenkins/workspace/NDB_Automation/lol/app/cases/ndb/profile_spec.rb:254:in `block (2 levels) in <top (required)>'", "D:/Ruby193/lib/ruby/gems/1.9.1/gems/rspec-core-2.14.8/lib/rspec/core/example.rb:114:in `instance_eval'", "D:/Ruby193/lib/ruby/gems/1.9.1/gems/rspec-core-2.14.8/lib/rspec/core/example.rb:114:in `block in run'", "D:/Ruby193/lib/ruby/gems/1.9.1/gems/rspec-core-2.14.8/lib/rspec/core/example.rb:254:in `with_around_each_hooks'", "D:/Ruby193/lib/ruby/gems/1.9.1/gems/rspec-core-2.14.8/lib/rspec/core/example.rb:111:in `run'", "D:/Ruby193/lib/ruby/gems/1.9.1/gems/rspec-core-2.14.8/lib/rspec/core/example_group.rb:390:in `block in run_examples'", "D:/Ruby193/lib/ruby/gems/1.9.1/gems/rspec-core-2.14.8/lib/rspec/core/example_group.rb:386:in `map'", "D:/Ruby193/lib/ruby/gems/1.9.1/gems/rspec-core-2.14.8/lib/rspec/core/example_group.rb:386:in `run_examples'", "D:/Ruby193/lib/ruby/gems/1.9.1/gems/rspec-core-2.14.8/lib/rspec/core/example_group.rb:371:in `run'", "D:/Ruby193/lib/ruby/gems/1.9.1/gems/rspec-core-2.14.8/lib/rspec/core/command_line.rb:28:in `block (2 levels) in run'", "D:/Ruby193/lib/ruby/gems/1.9.1/gems/rspec-core-2.14.8/lib/rspec/core/command_line.rb:28:in `map'", "D:/Ruby193/lib/ruby/gems/1.9.1/gems/rspec-core-2.14.8/lib/rspec/core/command_line.rb:28:in `block in run'", "D:/Ruby193/lib/ruby/gems/1.9.1/gems/rspec-core-2.14.8/lib/rspec/core/reporter.rb:58:in `report'", "D:/Ruby193/lib/ruby/gems/1.9.1/gems/rspec-core-2.14.8/lib/rspec/core/command_line.rb:25:in `run'", "D:/Ruby193/lib/ruby/gems/1.9.1/gems/rspec-core-2.14.8/lib/rspec/core/runner.rb:80:in `run'", "D:/Ruby193/lib/ruby/gems/1.9.1/gems/rspec-core-2.14.8/lib/rspec/core/runner.rb:17:in `block in autorun'"]
=======================================================================2014-11-13(22:18)
error:[Exception... "Component returned failure code: 0x80004005 (NS_ERROR_FAILURE) [nsINativeMouse.click]"  nsresult: "0x80004005 (NS_ERROR_FAILURE)"  location: "JS frame :: file:///C:/Users/timsheng/AppData/Local/Temp/webdriver-profile20141113-24848-lt06ey/extensions/fxdriver@googlecode.com/components/command-processor.js :: WebElement.clickElement :: line 11023"  data: no] at:["[remote server] file:///C:/Users/timsheng/AppData/Local/Temp/webdriver-profile20141113-24848-lt06ey/extensions/fxdriver@googlecode.com/components/command-processor.js:11030:9:in `WebElement.clickElement'", "[remote server] file:///C:/Users/timsheng/AppData/Local/Temp/webdriver-profile20141113-24848-lt06ey/extensions/fxdriver@googlecode.com/components/command-processor.js:11612:16:in `DelayedCommand.prototype.executeInternal_/h'", "[remote server] file:///C:/Users/timsheng/AppData/Local/Temp/webdriver-profile20141113-24848-lt06ey/extensions/fxdriver@googlecode.com/components/command-processor.js:11617:7:in `DelayedCommand.prototype.executeInternal_'", "[remote server] file:///C:/Users/timsheng/AppData/Local/Temp/webdriver-profile20141113-24848-lt06ey/extensions/fxdriver@googlecode.com/components/command-processor.js:11559:5:in `DelayedCommand.prototype.execute/<'", "D:/Ruby193/lib/ruby/gems/1.9.1/gems/selenium-webdriver-2.43.0/lib/selenium/webdriver/remote/response.rb:52:in `assert_ok'", "D:/Ruby193/lib/ruby/gems/1.9.1/gems/selenium-webdriver-2.43.0/lib/selenium/webdriver/remote/response.rb:15:in `initialize'", "D:/Ruby193/lib/ruby/gems/1.9.1/gems/selenium-webdriver-2.43.0/lib/selenium/webdriver/remote/http/common.rb:59:in `new'", "D:/Ruby193/lib/ruby/gems/1.9.1/gems/selenium-webdriver-2.43.0/lib/selenium/webdriver/remote/http/common.rb:59:in `create_response'", "D:/Ruby193/lib/ruby/gems/1.9.1/gems/selenium-webdriver-2.43.0/lib/selenium/webdriver/remote/http/default.rb:66:in `request'", "D:/Ruby193/lib/ruby/gems/1.9.1/gems/selenium-webdriver-2.43.0/lib/selenium/webdriver/remote/http/common.rb:40:in `call'", "D:/Ruby193/lib/ruby/gems/1.9.1/gems/selenium-webdriver-2.43.0/lib/selenium/webdriver/remote/bridge.rb:638:in `raw_execute'", "D:/Ruby193/lib/ruby/gems/1.9.1/gems/selenium-webdriver-2.43.0/lib/selenium/webdriver/remote/bridge.rb:616:in `execute'", "D:/Ruby193/lib/ruby/gems/1.9.1/gems/selenium-webdriver-2.43.0/lib/selenium/webdriver/remote/bridge.rb:373:in `clickElement'", "D:/Ruby193/lib/ruby/gems/1.9.1/gems/selenium-webdriver-2.43.0/lib/selenium/webdriver/common/element.rb:54:in `click'", "D:/Ruby193/lib/ruby/gems/1.9.1/gems/watir-webdriver-0.6.9/lib/watir-webdriver/elements/element.rb:131:in `click'", "D:/Ruby193/lib/ruby/gems/1.9.1/gems/page-object-1.0.2/lib/page-object/elements/element.rb:25:in `click'", "D:/work/jenkins/workspace/NDB_Automation/lol/app/pages/ndb/profile_page.rb:488:in `create_contact'", "D:/work/jenkins/workspace/NDB_Automation/lol/app/cases/ndb/profile_spec.rb:254:in `block (2 levels) in <top (required)>'", "D:/Ruby193/lib/ruby/gems/1.9.1/gems/rspec-core-2.14.8/lib/rspec/core/example.rb:114:in `instance_eval'", "D:/Ruby193/lib/ruby/gems/1.9.1/gems/rspec-core-2.14.8/lib/rspec/core/example.rb:114:in `block in run'", "D:/Ruby193/lib/ruby/gems/1.9.1/gems/rspec-core-2.14.8/lib/rspec/core/example.rb:254:in `with_around_each_hooks'", "D:/Ruby193/lib/ruby/gems/1.9.1/gems/rspec-core-2.14.8/lib/rspec/core/example.rb:111:in `run'", "D:/Ruby193/lib/ruby/gems/1.9.1/gems/rspec-core-2.14.8/lib/rspec/core/example_group.rb:390:in `block in run_examples'", "D:/Ruby193/lib/ruby/gems/1.9.1/gems/rspec-core-2.14.8/lib/rspec/core/example_group.rb:386:in `map'", "D:/Ruby193/lib/ruby/gems/1.9.1/gems/rspec-core-2.14.8/lib/rspec/core/example_group.rb:386:in `run_examples'", "D:/Ruby193/lib/ruby/gems/1.9.1/gems/rspec-core-2.14.8/lib/rspec/core/example_group.rb:371:in `run'", "D:/Ruby193/lib/ruby/gems/1.9.1/gems/rspec-core-2.14.8/lib/rspec/core/command_line.rb:28:in `block (2 levels) in run'", "D:/Ruby193/lib/ruby/gems/1.9.1/gems/rspec-core-2.14.8/lib/rspec/core/command_line.rb:28:in `map'", "D:/Ruby193/lib/ruby/gems/1.9.1/gems/rspec-core-2.14.8/lib/rspec/core/command_line.rb:28:in `block in run'", "D:/Ruby193/lib/ruby/gems/1.9.1/gems/rspec-core-2.14.8/lib/rspec/core/reporter.rb:58:in `report'", "D:/Ruby193/lib/ruby/gems/1.9.1/gems/rspec-core-2.14.8/lib/rspec/core/command_line.rb:25:in `run'", "D:/Ruby193/lib/ruby/gems/1.9.1/gems/rspec-core-2.14.8/lib/rspec/core/runner.rb:80:in `run'", "D:/Ruby193/lib/ruby/gems/1.9.1/gems/rspec-core-2.14.8/lib/rspec/core/runner.rb:17:in `block in autorun'"]
=======================================================================2014-11-13(22:21)
error:Window not found. The browser window may have been closed. at:["[remote server] file:///C:/Users/timsheng/AppData/Local/Temp/webdriver-profile20141113-29764-11nb1og/extensions/fxdriver@googlecode.com/components/command-processor.js:11683:11:in `nsCommandProcessor.prototype.execute'", "[remote server] file:///C:/Users/timsheng/AppData/Local/Temp/webdriver-profile20141113-29764-11nb1og/extensions/fxdriver@googlecode.com/components/driver-component.js:8430:5:in `Dispatcher.executeAs/<'", "[remote server] file:///C:/Users/timsheng/AppData/Local/Temp/webdriver-profile20141113-29764-11nb1og/extensions/fxdriver@googlecode.com/components/driver-component.js:8577:194:in `Resource.prototype.handle'", "[remote server] file:///C:/Users/timsheng/AppData/Local/Temp/webdriver-profile20141113-29764-11nb1og/extensions/fxdriver@googlecode.com/components/driver-component.js:8524:36:in `Dispatcher.prototype.dispatch'", "[remote server] file:///C:/Users/timsheng/AppData/Local/Temp/webdriver-profile20141113-29764-11nb1og/extensions/fxdriver@googlecode.com/components/driver-component.js:11466:5:in `WebDriverServer/<.handle'", "[remote server] file:///C:/Users/timsheng/AppData/Local/Temp/webdriver-profile20141113-29764-11nb1og/extensions/fxdriver@googlecode.com/components/httpd.js:1935:41:in `createHandlerFunc/<'", "[remote server] file:///C:/Users/timsheng/AppData/Local/Temp/webdriver-profile20141113-29764-11nb1og/extensions/fxdriver@googlecode.com/components/httpd.js:2261:15:in `ServerHandler.prototype.handleResponse'", "[remote server] file:///C:/Users/timsheng/AppData/Local/Temp/webdriver-profile20141113-29764-11nb1og/extensions/fxdriver@googlecode.com/components/httpd.js:1168:5:in `Connection.prototype.process'", "[remote server] file:///C:/Users/timsheng/AppData/Local/Temp/webdriver-profile20141113-29764-11nb1og/extensions/fxdriver@googlecode.com/components/httpd.js:1616:5:in `RequestReader.prototype._handleResponse'", "[remote server] file:///C:/Users/timsheng/AppData/Local/Temp/webdriver-profile20141113-29764-11nb1og/extensions/fxdriver@googlecode.com/components/httpd.js:1464:9:in `RequestReader.prototype._processBody'", "[remote server] file:///C:/Users/timsheng/AppData/Local/Temp/webdriver-profile20141113-29764-11nb1og/extensions/fxdriver@googlecode.com/components/httpd.js:1333:9:in `RequestReader.prototype.onInputStreamReady'", "D:/Ruby193/lib/ruby/gems/1.9.1/gems/selenium-webdriver-2.43.0/lib/selenium/webdriver/remote/response.rb:52:in `assert_ok'", "D:/Ruby193/lib/ruby/gems/1.9.1/gems/selenium-webdriver-2.43.0/lib/selenium/webdriver/remote/response.rb:15:in `initialize'", "D:/Ruby193/lib/ruby/gems/1.9.1/gems/selenium-webdriver-2.43.0/lib/selenium/webdriver/remote/http/common.rb:59:in `new'", "D:/Ruby193/lib/ruby/gems/1.9.1/gems/selenium-webdriver-2.43.0/lib/selenium/webdriver/remote/http/common.rb:59:in `create_response'", "D:/Ruby193/lib/ruby/gems/1.9.1/gems/selenium-webdriver-2.43.0/lib/selenium/webdriver/remote/http/default.rb:66:in `request'", "D:/Ruby193/lib/ruby/gems/1.9.1/gems/selenium-webdriver-2.43.0/lib/selenium/webdriver/remote/http/common.rb:40:in `call'", "D:/Ruby193/lib/ruby/gems/1.9.1/gems/selenium-webdriver-2.43.0/lib/selenium/webdriver/remote/bridge.rb:638:in `raw_execute'", "D:/Ruby193/lib/ruby/gems/1.9.1/gems/selenium-webdriver-2.43.0/lib/selenium/webdriver/remote/bridge.rb:616:in `execute'", "D:/Ruby193/lib/ruby/gems/1.9.1/gems/selenium-webdriver-2.43.0/lib/selenium/webdriver/remote/bridge.rb:198:in `switchToDefaultContent'", "D:/Ruby193/lib/ruby/gems/1.9.1/gems/selenium-webdriver-2.43.0/lib/selenium/webdriver/common/target_locator.rb:76:in `default_content'", "D:/Ruby193/lib/ruby/gems/1.9.1/gems/watir-webdriver-0.6.9/lib/watir-webdriver/browser.rb:367:in `assert_exists'", "D:/Ruby193/lib/ruby/gems/1.9.1/gems/watir-webdriver-0.6.9/lib/watir-webdriver/elements/element.rb:525:in `locate'", "D:/Ruby193/lib/ruby/gems/1.9.1/gems/watir-webdriver-0.6.9/lib/watir-webdriver/elements/element.rb:504:in `assert_exists'", "D:/Ruby193/lib/ruby/gems/1.9.1/gems/watir-webdriver-0.6.9/lib/watir-webdriver/elements/element.rb:43:in `exists?'", "D:/Ruby193/lib/ruby/gems/1.9.1/gems/watir-webdriver-0.6.9/lib/watir-webdriver/elements/element.rb:415:in `present?'", "D:/Ruby193/lib/ruby/gems/1.9.1/gems/watir-webdriver-0.6.9/lib/watir-webdriver/wait.rb:174:in `block in wait_until_present'", "D:/Ruby193/lib/ruby/gems/1.9.1/gems/watir-webdriver-0.6.9/lib/watir-webdriver/wait.rb:43:in `block in until'", "D:/Ruby193/lib/ruby/gems/1.9.1/gems/watir-webdriver-0.6.9/lib/watir-webdriver/wait/timer.rb:14:in `wait'", "D:/Ruby193/lib/ruby/gems/1.9.1/gems/watir-webdriver-0.6.9/lib/watir-webdriver/wait.rb:42:in `until'", "D:/Ruby193/lib/ruby/gems/1.9.1/gems/watir-webdriver-0.6.9/lib/watir-webdriver/wait.rb:174:in `wait_until_present'", "D:/Ruby193/lib/ruby/gems/1.9.1/gems/page-object-1.0.2/lib/page-object/platforms/watir_webdriver/element.rb:160:in `when_present'", "D:/work/jenkins/workspace/NDB_Automation/lol/app/pages/ndb/profile_page.rb:368:in `edit_account_information'", "D:/work/jenkins/workspace/NDB_Automation/lol/app/cases/ndb/profile_spec.rb:288:in `block (2 levels) in <top (required)>'", "D:/Ruby193/lib/ruby/gems/1.9.1/gems/rspec-core-2.14.8/lib/rspec/core/example.rb:114:in `instance_eval'", "D:/Ruby193/lib/ruby/gems/1.9.1/gems/rspec-core-2.14.8/lib/rspec/core/example.rb:114:in `block in run'", "D:/Ruby193/lib/ruby/gems/1.9.1/gems/rspec-core-2.14.8/lib/rspec/core/example.rb:254:in `with_around_each_hooks'", "D:/Ruby193/lib/ruby/gems/1.9.1/gems/rspec-core-2.14.8/lib/rspec/core/example.rb:111:in `run'", "D:/Ruby193/lib/ruby/gems/1.9.1/gems/rspec-core-2.14.8/lib/rspec/core/example_group.rb:390:in `block in run_examples'", "D:/Ruby193/lib/ruby/gems/1.9.1/gems/rspec-core-2.14.8/lib/rspec/core/example_group.rb:386:in `map'", "D:/Ruby193/lib/ruby/gems/1.9.1/gems/rspec-core-2.14.8/lib/rspec/core/example_group.rb:386:in `run_examples'", "D:/Ruby193/lib/ruby/gems/1.9.1/gems/rspec-core-2.14.8/lib/rspec/core/example_group.rb:371:in `run'", "D:/Ruby193/lib/ruby/gems/1.9.1/gems/rspec-core-2.14.8/lib/rspec/core/command_line.rb:28:in `block (2 levels) in run'", "D:/Ruby193/lib/ruby/gems/1.9.1/gems/rspec-core-2.14.8/lib/rspec/core/command_line.rb:28:in `map'", "D:/Ruby193/lib/ruby/gems/1.9.1/gems/rspec-core-2.14.8/lib/rspec/core/command_line.rb:28:in `block in run'", "D:/Ruby193/lib/ruby/gems/1.9.1/gems/rspec-core-2.14.8/lib/rspec/core/reporter.rb:58:in `report'", "D:/Ruby193/lib/ruby/gems/1.9.1/gems/rspec-core-2.14.8/lib/rspec/core/command_line.rb:25:in `run'", "D:/Ruby193/lib/ruby/gems/1.9.1/gems/rspec-core-2.14.8/lib/rspec/core/runner.rb:80:in `run'", "D:/Ruby193/lib/ruby/gems/1.9.1/gems/rspec-core-2.14.8/lib/rspec/core/runner.rb:17:in `block in autorun'"]
=======================================================================2014-11-13(22:28)
